2025-08-25 10:17:00,526 - INFO - ✅ Head controller initialized
2025-08-25 10:17:00,730 - INFO - Movement controller initialized
2025-08-25 10:17:00,730 - INFO - ✅ Movement controller initialized
2025-08-25 10:17:00,731 - INFO - Trying camera source 1: http://127.0.0.1:8080?action=stream
2025-08-25 10:17:00,879 - INFO - ✅ Camera connected: http://127.0.0.1:8080?action=stream
2025-08-25 10:17:00,880 - INFO - 🤖 Starting Bruno Simple Mode
2025-08-25 10:17:00,880 - INFO - 📱 Headless operation - no display windows
2025-08-25 10:17:00,880 - INFO - 🎯 Press Ctrl+C to stop
2025-08-25 10:17:00,916 - INFO - 📊 Status: 0 bottles, 0 detections, 0 reached
2025-08-25 10:17:05,962 - INFO - 📊 Status: 0 bottles, 0 detections, 0 reached
2025-08-25 10:17:10,981 - INFO - 📊 Status: 0 bottles, 0 detections, 0 reached
2025-08-25 10:17:16,017 - INFO - 📊 Status: 0 bottles, 0 detections, 0 reached
2025-08-25 10:17:21,041 - INFO - 📊 Status: 0 bottles, 0 detections, 0 reached
2025-08-25 10:17:26,068 - INFO - 📊 Status: 0 bottles, 0 detections, 0 reached
2025-08-25 10:17:31,115 - INFO - 📊 Status: 0 bottles, 0 detections, 0 reached
2025-08-25 10:17:36,149 - INFO - 📊 Status: 0 bottles, 0 detections, 0 reached
2025-08-25 10:17:41,152 - INFO - 📊 Status: 0 bottles, 0 detections, 0 reached
2025-08-25 10:17:46,199 - INFO - 📊 Status: 0 bottles, 0 detections, 0 reached
2025-08-25 10:17:51,252 - INFO - 📊 Status: 0 bottles, 0 detections, 0 reached
2025-08-25 10:17:56,288 - INFO - 📊 Status: 0 bottles, 0 detections, 0 reached
2025-08-25 10:18:01,314 - INFO - 📊 Status: 0 bottles, 0 detections, 0 reached
2025-08-25 10:18:06,331 - INFO - 📊 Status: 0 bottles, 0 detections, 0 reached
2025-08-25 10:18:11,366 - INFO - 📊 Status: 0 bottles, 0 detections, 0 reached
2025-08-25 10:18:16,396 - INFO - 📊 Status: 0 bottles, 0 detections, 0 reached
2025-08-25 10:18:21,444 - INFO - 📊 Status: 0 bottles, 0 detections, 0 reached
2025-08-25 10:18:26,473 - INFO - 📊 Status: 0 bottles, 0 detections, 0 reached
2025-08-25 10:18:30,913 - INFO - 🛑 Stopped by user (Ctrl+C)
2025-08-25 10:18:30,914 - INFO - Movement controller cleanup complete
2025-08-25 10:18:31,414 - INFO - Head controller cleanup complete
2025-08-25 10:18:31,415 - INFO - ✅ Bruno Simple cleanup complete
