2025-08-24 09:40:39,613 - INFO - ✅ Head controller initialized
2025-08-24 09:40:39,818 - INFO - Movement controller initialized
2025-08-24 09:40:39,819 - INFO - ✅ Movement controller initialized
2025-08-24 09:40:39,819 - INFO - Trying camera source 1: http://127.0.0.1:8080?action=stream
2025-08-24 09:40:39,880 - INFO - ✅ Camera connected: http://127.0.0.1:8080?action=stream
2025-08-24 09:40:39,881 - INFO - 🤖 Starting Bruno Simple Mode
2025-08-24 09:40:39,881 - INFO - 📱 Headless operation - no display windows
2025-08-24 09:40:39,881 - INFO - 🎯 Press Ctrl+C to stop
2025-08-24 09:40:39,939 - ERROR - Error in bottle detection: 'color_detection'
2025-08-24 09:40:39,942 - INFO - 📊 Status: 0 bottles, 0 detections, 0 reached
2025-08-24 09:40:39,997 - ERROR - Error in bottle detection: 'color_detection'
2025-08-24 09:40:40,053 - ERROR - Error in bottle detection: 'color_detection'
2025-08-24 09:40:40,109 - ERROR - Error in bottle detection: 'color_detection'
2025-08-24 09:40:40,164 - ERROR - Error in bottle detection: 'color_detection'
2025-08-24 09:40:40,220 - ERROR - Error in bottle detection: 'color_detection'
2025-08-24 09:40:40,276 - ERROR - Error in bottle detection: 'color_detection'
2025-08-24 09:40:40,332 - ERROR - Error in bottle detection: 'color_detection'
2025-08-24 09:40:40,388 - ERROR - Error in bottle detection: 'color_detection'
2025-08-24 09:40:40,444 - ERROR - Error in bottle detection: 'color_detection'
2025-08-24 09:40:40,501 - ERROR - Error in bottle detection: 'color_detection'
2025-08-24 09:40:40,560 - ERROR - Error in bottle detection: 'color_detection'
2025-08-24 09:40:40,623 - ERROR - Error in bottle detection: 'color_detection'
2025-08-24 09:40:40,681 - ERROR - Error in bottle detection: 'color_detection'
2025-08-24 09:40:40,738 - ERROR - Error in bottle detection: 'color_detection'
2025-08-24 09:40:40,795 - ERROR - Error in bottle detection: 'color_detection'
2025-08-24 09:40:40,851 - ERROR - Error in bottle detection: 'color_detection'
2025-08-24 09:40:40,907 - ERROR - Error in bottle detection: 'color_detection'
2025-08-24 09:40:40,963 - ERROR - Error in bottle detection: 'color_detection'
2025-08-24 09:40:41,019 - ERROR - Error in bottle detection: 'color_detection'
2025-08-24 09:40:41,074 - ERROR - Error in bottle detection: 'color_detection'
2025-08-24 09:40:41,130 - ERROR - Error in bottle detection: 'color_detection'
2025-08-24 09:40:41,185 - ERROR - Error in bottle detection: 'color_detection'
2025-08-24 09:40:41,241 - ERROR - Error in bottle detection: 'color_detection'
2025-08-24 09:40:41,299 - ERROR - Error in bottle detection: 'color_detection'
2025-08-24 09:40:41,359 - ERROR - Error in bottle detection: 'color_detection'
2025-08-24 09:40:41,422 - ERROR - Error in bottle detection: 'color_detection'
2025-08-24 09:40:41,480 - ERROR - Error in bottle detection: 'color_detection'
2025-08-24 09:40:41,537 - ERROR - Error in bottle detection: 'color_detection'
2025-08-24 09:40:41,594 - ERROR - Error in bottle detection: 'color_detection'
2025-08-24 09:40:41,649 - ERROR - Error in bottle detection: 'color_detection'
2025-08-24 09:40:41,707 - ERROR - Error in bottle detection: 'color_detection'
2025-08-24 09:40:41,763 - ERROR - Error in bottle detection: 'color_detection'
2025-08-24 09:40:41,820 - ERROR - Error in bottle detection: 'color_detection'
2025-08-24 09:40:41,878 - ERROR - Error in bottle detection: 'color_detection'
2025-08-24 09:40:41,935 - ERROR - Error in bottle detection: 'color_detection'
2025-08-24 09:40:41,992 - ERROR - Error in bottle detection: 'color_detection'
2025-08-24 09:40:42,054 - ERROR - Error in bottle detection: 'color_detection'
2025-08-24 09:40:42,110 - ERROR - Error in bottle detection: 'color_detection'
2025-08-24 09:40:42,167 - ERROR - Error in bottle detection: 'color_detection'
2025-08-24 09:40:42,224 - ERROR - Error in bottle detection: 'color_detection'
2025-08-24 09:40:42,280 - ERROR - Error in bottle detection: 'color_detection'
2025-08-24 09:40:42,336 - ERROR - Error in bottle detection: 'color_detection'
2025-08-24 09:40:42,392 - ERROR - Error in bottle detection: 'color_detection'
2025-08-24 09:40:42,449 - ERROR - Error in bottle detection: 'color_detection'
2025-08-24 09:40:42,506 - ERROR - Error in bottle detection: 'color_detection'
2025-08-24 09:40:42,562 - ERROR - Error in bottle detection: 'color_detection'
2025-08-24 09:40:42,617 - ERROR - Error in bottle detection: 'color_detection'
2025-08-24 09:40:42,673 - ERROR - Error in bottle detection: 'color_detection'
2025-08-24 09:40:42,729 - ERROR - Error in bottle detection: 'color_detection'
2025-08-24 09:40:42,785 - ERROR - Error in bottle detection: 'color_detection'
2025-08-24 09:40:42,842 - ERROR - Error in bottle detection: 'color_detection'
2025-08-24 09:40:42,899 - ERROR - Error in bottle detection: 'color_detection'
2025-08-24 09:40:42,958 - ERROR - Error in bottle detection: 'color_detection'
2025-08-24 09:40:43,015 - ERROR - Error in bottle detection: 'color_detection'
2025-08-24 09:40:43,072 - ERROR - Error in bottle detection: 'color_detection'
2025-08-24 09:40:43,129 - ERROR - Error in bottle detection: 'color_detection'
2025-08-24 09:40:43,187 - ERROR - Error in bottle detection: 'color_detection'
2025-08-24 09:40:43,243 - ERROR - Error in bottle detection: 'color_detection'
2025-08-24 09:40:43,299 - ERROR - Error in bottle detection: 'color_detection'
2025-08-24 09:40:43,355 - ERROR - Error in bottle detection: 'color_detection'
2025-08-24 09:40:43,413 - ERROR - Error in bottle detection: 'color_detection'
2025-08-24 09:40:43,474 - ERROR - Error in bottle detection: 'color_detection'
2025-08-24 09:40:43,532 - ERROR - Error in bottle detection: 'color_detection'
2025-08-24 09:40:43,589 - ERROR - Error in bottle detection: 'color_detection'
2025-08-24 09:40:43,647 - ERROR - Error in bottle detection: 'color_detection'
2025-08-24 09:40:43,703 - ERROR - Error in bottle detection: 'color_detection'
2025-08-24 09:40:43,759 - ERROR - Error in bottle detection: 'color_detection'
2025-08-24 09:40:43,815 - ERROR - Error in bottle detection: 'color_detection'
2025-08-24 09:40:43,871 - ERROR - Error in bottle detection: 'color_detection'
2025-08-24 09:40:43,927 - ERROR - Error in bottle detection: 'color_detection'
2025-08-24 09:40:43,982 - ERROR - Error in bottle detection: 'color_detection'
2025-08-24 09:40:44,038 - ERROR - Error in bottle detection: 'color_detection'
2025-08-24 09:40:44,094 - ERROR - Error in bottle detection: 'color_detection'
2025-08-24 09:40:44,149 - ERROR - Error in bottle detection: 'color_detection'
2025-08-24 09:40:44,205 - ERROR - Error in bottle detection: 'color_detection'
2025-08-24 09:40:44,262 - ERROR - Error in bottle detection: 'color_detection'
2025-08-24 09:40:44,319 - ERROR - Error in bottle detection: 'color_detection'
2025-08-24 09:40:44,375 - ERROR - Error in bottle detection: 'color_detection'
2025-08-24 09:40:44,431 - ERROR - Error in bottle detection: 'color_detection'
2025-08-24 09:40:44,487 - ERROR - Error in bottle detection: 'color_detection'
2025-08-24 09:40:44,543 - ERROR - Error in bottle detection: 'color_detection'
2025-08-24 09:40:44,599 - ERROR - Error in bottle detection: 'color_detection'
2025-08-24 09:40:44,657 - ERROR - Error in bottle detection: 'color_detection'
2025-08-24 09:40:44,714 - ERROR - Error in bottle detection: 'color_detection'
2025-08-24 09:40:44,773 - ERROR - Error in bottle detection: 'color_detection'
2025-08-24 09:40:44,831 - ERROR - Error in bottle detection: 'color_detection'
2025-08-24 09:40:44,889 - ERROR - Error in bottle detection: 'color_detection'
2025-08-24 09:40:44,950 - ERROR - Error in bottle detection: 'color_detection'
2025-08-24 09:40:44,952 - INFO - 📊 Status: 0 bottles, 0 detections, 0 reached
2025-08-24 09:40:45,007 - ERROR - Error in bottle detection: 'color_detection'
2025-08-24 09:40:45,063 - ERROR - Error in bottle detection: 'color_detection'
2025-08-24 09:40:45,120 - ERROR - Error in bottle detection: 'color_detection'
2025-08-24 09:40:45,177 - ERROR - Error in bottle detection: 'color_detection'
2025-08-24 09:40:45,233 - ERROR - Error in bottle detection: 'color_detection'
2025-08-24 09:40:45,289 - ERROR - Error in bottle detection: 'color_detection'
2025-08-24 09:40:45,345 - ERROR - Error in bottle detection: 'color_detection'
2025-08-24 09:40:45,402 - ERROR - Error in bottle detection: 'color_detection'
2025-08-24 09:40:45,459 - ERROR - Error in bottle detection: 'color_detection'
2025-08-24 09:40:45,515 - ERROR - Error in bottle detection: 'color_detection'
2025-08-24 09:40:45,571 - ERROR - Error in bottle detection: 'color_detection'
2025-08-24 09:40:45,626 - ERROR - Error in bottle detection: 'color_detection'
2025-08-24 09:40:45,682 - ERROR - Error in bottle detection: 'color_detection'
2025-08-24 09:40:45,739 - ERROR - Error in bottle detection: 'color_detection'
2025-08-24 09:40:45,795 - ERROR - Error in bottle detection: 'color_detection'
2025-08-24 09:40:45,851 - ERROR - Error in bottle detection: 'color_detection'
2025-08-24 09:40:45,907 - ERROR - Error in bottle detection: 'color_detection'
2025-08-24 09:40:45,963 - ERROR - Error in bottle detection: 'color_detection'
2025-08-24 09:40:46,018 - ERROR - Error in bottle detection: 'color_detection'
2025-08-24 09:40:46,075 - ERROR - Error in bottle detection: 'color_detection'
2025-08-24 09:40:46,131 - ERROR - Error in bottle detection: 'color_detection'
2025-08-24 09:40:46,190 - ERROR - Error in bottle detection: 'color_detection'
2025-08-24 09:40:46,250 - ERROR - Error in bottle detection: 'color_detection'
2025-08-24 09:40:46,307 - ERROR - Error in bottle detection: 'color_detection'
2025-08-24 09:40:46,364 - ERROR - Error in bottle detection: 'color_detection'
2025-08-24 09:40:46,419 - ERROR - Error in bottle detection: 'color_detection'
2025-08-24 09:40:46,475 - ERROR - Error in bottle detection: 'color_detection'
2025-08-24 09:40:46,534 - ERROR - Error in bottle detection: 'color_detection'
2025-08-24 09:40:46,593 - ERROR - Error in bottle detection: 'color_detection'
2025-08-24 09:40:46,650 - ERROR - Error in bottle detection: 'color_detection'
2025-08-24 09:40:46,707 - ERROR - Error in bottle detection: 'color_detection'
2025-08-24 09:40:46,764 - ERROR - Error in bottle detection: 'color_detection'
2025-08-24 09:40:46,823 - ERROR - Error in bottle detection: 'color_detection'
2025-08-24 09:40:46,881 - ERROR - Error in bottle detection: 'color_detection'
2025-08-24 09:40:46,937 - ERROR - Error in bottle detection: 'color_detection'
2025-08-24 09:40:46,998 - ERROR - Error in bottle detection: 'color_detection'
2025-08-24 09:40:47,055 - ERROR - Error in bottle detection: 'color_detection'
2025-08-24 09:40:47,111 - ERROR - Error in bottle detection: 'color_detection'
2025-08-24 09:40:47,168 - ERROR - Error in bottle detection: 'color_detection'
2025-08-24 09:40:47,224 - ERROR - Error in bottle detection: 'color_detection'
2025-08-24 09:40:47,281 - ERROR - Error in bottle detection: 'color_detection'
2025-08-24 09:40:47,337 - ERROR - Error in bottle detection: 'color_detection'
2025-08-24 09:40:47,394 - ERROR - Error in bottle detection: 'color_detection'
2025-08-24 09:40:47,450 - ERROR - Error in bottle detection: 'color_detection'
2025-08-24 09:40:47,506 - ERROR - Error in bottle detection: 'color_detection'
2025-08-24 09:40:47,562 - ERROR - Error in bottle detection: 'color_detection'
2025-08-24 09:40:47,618 - ERROR - Error in bottle detection: 'color_detection'
2025-08-24 09:40:47,674 - ERROR - Error in bottle detection: 'color_detection'
2025-08-24 09:40:47,731 - ERROR - Error in bottle detection: 'color_detection'
2025-08-24 09:40:47,787 - ERROR - Error in bottle detection: 'color_detection'
2025-08-24 09:40:47,843 - ERROR - Error in bottle detection: 'color_detection'
2025-08-24 09:40:47,899 - ERROR - Error in bottle detection: 'color_detection'
2025-08-24 09:40:47,958 - ERROR - Error in bottle detection: 'color_detection'
2025-08-24 09:40:48,016 - ERROR - Error in bottle detection: 'color_detection'
2025-08-24 09:40:48,078 - ERROR - Error in bottle detection: 'color_detection'
2025-08-24 09:40:48,136 - ERROR - Error in bottle detection: 'color_detection'
2025-08-24 09:40:48,195 - ERROR - Error in bottle detection: 'color_detection'
2025-08-24 09:40:48,251 - ERROR - Error in bottle detection: 'color_detection'
2025-08-24 09:40:48,308 - ERROR - Error in bottle detection: 'color_detection'
2025-08-24 09:40:48,366 - ERROR - Error in bottle detection: 'color_detection'
2025-08-24 09:40:48,422 - ERROR - Error in bottle detection: 'color_detection'
2025-08-24 09:40:48,477 - ERROR - Error in bottle detection: 'color_detection'
2025-08-24 09:40:48,534 - ERROR - Error in bottle detection: 'color_detection'
2025-08-24 09:40:48,593 - ERROR - Error in bottle detection: 'color_detection'
2025-08-24 09:40:48,649 - ERROR - Error in bottle detection: 'color_detection'
2025-08-24 09:40:48,705 - ERROR - Error in bottle detection: 'color_detection'
2025-08-24 09:40:48,761 - ERROR - Error in bottle detection: 'color_detection'
2025-08-24 09:40:48,818 - ERROR - Error in bottle detection: 'color_detection'
2025-08-24 09:40:48,875 - ERROR - Error in bottle detection: 'color_detection'
2025-08-24 09:40:48,931 - ERROR - Error in bottle detection: 'color_detection'
2025-08-24 09:40:48,987 - ERROR - Error in bottle detection: 'color_detection'
2025-08-24 09:40:49,042 - ERROR - Error in bottle detection: 'color_detection'
2025-08-24 09:40:49,098 - ERROR - Error in bottle detection: 'color_detection'
2025-08-24 09:40:49,154 - ERROR - Error in bottle detection: 'color_detection'
2025-08-24 09:40:49,210 - ERROR - Error in bottle detection: 'color_detection'
2025-08-24 09:40:49,267 - ERROR - Error in bottle detection: 'color_detection'
2025-08-24 09:40:49,324 - ERROR - Error in bottle detection: 'color_detection'
2025-08-24 09:40:49,380 - ERROR - Error in bottle detection: 'color_detection'
2025-08-24 09:40:49,436 - ERROR - Error in bottle detection: 'color_detection'
2025-08-24 09:40:49,492 - ERROR - Error in bottle detection: 'color_detection'
2025-08-24 09:40:49,550 - ERROR - Error in bottle detection: 'color_detection'
2025-08-24 09:40:49,605 - ERROR - Error in bottle detection: 'color_detection'
2025-08-24 09:40:49,662 - ERROR - Error in bottle detection: 'color_detection'
2025-08-24 09:40:49,717 - ERROR - Error in bottle detection: 'color_detection'
2025-08-24 09:40:49,773 - ERROR - Error in bottle detection: 'color_detection'
2025-08-24 09:40:49,829 - ERROR - Error in bottle detection: 'color_detection'
2025-08-24 09:40:49,886 - ERROR - Error in bottle detection: 'color_detection'
2025-08-24 09:40:49,946 - ERROR - Error in bottle detection: 'color_detection'
2025-08-24 09:40:50,004 - ERROR - Error in bottle detection: 'color_detection'
2025-08-24 09:40:50,005 - INFO - 📊 Status: 0 bottles, 0 detections, 0 reached
2025-08-24 09:40:50,062 - ERROR - Error in bottle detection: 'color_detection'
2025-08-24 09:40:50,121 - ERROR - Error in bottle detection: 'color_detection'
2025-08-24 09:40:50,179 - ERROR - Error in bottle detection: 'color_detection'
2025-08-24 09:40:50,236 - ERROR - Error in bottle detection: 'color_detection'
2025-08-24 09:40:50,292 - ERROR - Error in bottle detection: 'color_detection'
2025-08-24 09:40:50,354 - ERROR - Error in bottle detection: 'color_detection'
2025-08-24 09:40:50,410 - ERROR - Error in bottle detection: 'color_detection'
2025-08-24 09:40:50,467 - ERROR - Error in bottle detection: 'color_detection'
2025-08-24 09:40:50,523 - ERROR - Error in bottle detection: 'color_detection'
2025-08-24 09:40:50,579 - ERROR - Error in bottle detection: 'color_detection'
2025-08-24 09:40:50,635 - ERROR - Error in bottle detection: 'color_detection'
2025-08-24 09:40:50,691 - ERROR - Error in bottle detection: 'color_detection'
2025-08-24 09:40:50,747 - ERROR - Error in bottle detection: 'color_detection'
2025-08-24 09:40:50,803 - ERROR - Error in bottle detection: 'color_detection'
2025-08-24 09:40:50,859 - ERROR - Error in bottle detection: 'color_detection'
2025-08-24 09:40:50,915 - ERROR - Error in bottle detection: 'color_detection'
2025-08-24 09:40:50,971 - ERROR - Error in bottle detection: 'color_detection'
2025-08-24 09:40:51,027 - ERROR - Error in bottle detection: 'color_detection'
2025-08-24 09:40:51,083 - ERROR - Error in bottle detection: 'color_detection'
2025-08-24 09:40:51,140 - ERROR - Error in bottle detection: 'color_detection'
2025-08-24 09:40:51,196 - ERROR - Error in bottle detection: 'color_detection'
2025-08-24 09:40:51,252 - ERROR - Error in bottle detection: 'color_detection'
2025-08-24 09:40:51,312 - ERROR - Error in bottle detection: 'color_detection'
2025-08-24 09:40:51,368 - ERROR - Error in bottle detection: 'color_detection'
2025-08-24 09:40:51,424 - ERROR - Error in bottle detection: 'color_detection'
2025-08-24 09:40:51,480 - ERROR - Error in bottle detection: 'color_detection'
2025-08-24 09:40:51,536 - ERROR - Error in bottle detection: 'color_detection'
2025-08-24 09:40:51,592 - ERROR - Error in bottle detection: 'color_detection'
2025-08-24 09:40:51,650 - ERROR - Error in bottle detection: 'color_detection'
2025-08-24 09:40:51,708 - ERROR - Error in bottle detection: 'color_detection'
2025-08-24 09:40:51,764 - ERROR - Error in bottle detection: 'color_detection'
2025-08-24 09:40:51,821 - ERROR - Error in bottle detection: 'color_detection'
2025-08-24 09:40:51,877 - ERROR - Error in bottle detection: 'color_detection'
2025-08-24 09:40:51,933 - ERROR - Error in bottle detection: 'color_detection'
2025-08-24 09:40:51,990 - ERROR - Error in bottle detection: 'color_detection'
2025-08-24 09:40:52,048 - ERROR - Error in bottle detection: 'color_detection'
2025-08-24 09:40:52,107 - ERROR - Error in bottle detection: 'color_detection'
2025-08-24 09:40:52,165 - ERROR - Error in bottle detection: 'color_detection'
2025-08-24 09:40:52,223 - ERROR - Error in bottle detection: 'color_detection'
2025-08-24 09:40:52,280 - ERROR - Error in bottle detection: 'color_detection'
2025-08-24 09:40:52,337 - ERROR - Error in bottle detection: 'color_detection'
2025-08-24 09:40:52,395 - ERROR - Error in bottle detection: 'color_detection'
2025-08-24 09:40:52,451 - ERROR - Error in bottle detection: 'color_detection'
2025-08-24 09:40:52,507 - ERROR - Error in bottle detection: 'color_detection'
2025-08-24 09:40:52,563 - ERROR - Error in bottle detection: 'color_detection'
2025-08-24 09:40:52,621 - ERROR - Error in bottle detection: 'color_detection'
2025-08-24 09:40:52,677 - ERROR - Error in bottle detection: 'color_detection'
2025-08-24 09:40:52,735 - ERROR - Error in bottle detection: 'color_detection'
2025-08-24 09:40:52,793 - ERROR - Error in bottle detection: 'color_detection'
2025-08-24 09:40:52,850 - ERROR - Error in bottle detection: 'color_detection'
2025-08-24 09:40:52,906 - ERROR - Error in bottle detection: 'color_detection'
2025-08-24 09:40:52,962 - ERROR - Error in bottle detection: 'color_detection'
2025-08-24 09:40:53,017 - ERROR - Error in bottle detection: 'color_detection'
2025-08-24 09:40:53,072 - ERROR - Error in bottle detection: 'color_detection'
2025-08-24 09:40:53,128 - ERROR - Error in bottle detection: 'color_detection'
2025-08-24 09:40:53,184 - ERROR - Error in bottle detection: 'color_detection'
2025-08-24 09:40:53,241 - ERROR - Error in bottle detection: 'color_detection'
2025-08-24 09:40:53,297 - ERROR - Error in bottle detection: 'color_detection'
2025-08-24 09:40:53,353 - ERROR - Error in bottle detection: 'color_detection'
2025-08-24 09:40:53,410 - ERROR - Error in bottle detection: 'color_detection'
2025-08-24 09:40:53,467 - ERROR - Error in bottle detection: 'color_detection'
2025-08-24 09:40:53,525 - ERROR - Error in bottle detection: 'color_detection'
2025-08-24 09:40:53,582 - ERROR - Error in bottle detection: 'color_detection'
2025-08-24 09:40:53,640 - ERROR - Error in bottle detection: 'color_detection'
2025-08-24 09:40:53,699 - ERROR - Error in bottle detection: 'color_detection'
2025-08-24 09:40:53,755 - ERROR - Error in bottle detection: 'color_detection'
2025-08-24 09:40:53,811 - ERROR - Error in bottle detection: 'color_detection'
2025-08-24 09:40:53,868 - ERROR - Error in bottle detection: 'color_detection'
2025-08-24 09:40:53,927 - ERROR - Error in bottle detection: 'color_detection'
2025-08-24 09:40:53,985 - ERROR - Error in bottle detection: 'color_detection'
2025-08-24 09:40:54,044 - ERROR - Error in bottle detection: 'color_detection'
2025-08-24 09:40:54,103 - ERROR - Error in bottle detection: 'color_detection'
2025-08-24 09:40:54,162 - ERROR - Error in bottle detection: 'color_detection'
2025-08-24 09:40:54,219 - ERROR - Error in bottle detection: 'color_detection'
2025-08-24 09:40:54,275 - ERROR - Error in bottle detection: 'color_detection'
2025-08-24 09:40:54,332 - ERROR - Error in bottle detection: 'color_detection'
2025-08-24 09:40:54,388 - ERROR - Error in bottle detection: 'color_detection'
2025-08-24 09:40:54,444 - ERROR - Error in bottle detection: 'color_detection'
2025-08-24 09:40:54,499 - ERROR - Error in bottle detection: 'color_detection'
2025-08-24 09:40:54,555 - ERROR - Error in bottle detection: 'color_detection'
2025-08-24 09:40:54,610 - ERROR - Error in bottle detection: 'color_detection'
2025-08-24 09:40:54,666 - ERROR - Error in bottle detection: 'color_detection'
2025-08-24 09:40:54,721 - ERROR - Error in bottle detection: 'color_detection'
2025-08-24 09:40:54,778 - ERROR - Error in bottle detection: 'color_detection'
2025-08-24 09:40:54,835 - ERROR - Error in bottle detection: 'color_detection'
2025-08-24 09:40:54,894 - ERROR - Error in bottle detection: 'color_detection'
2025-08-24 09:40:54,951 - ERROR - Error in bottle detection: 'color_detection'
2025-08-24 09:40:55,008 - ERROR - Error in bottle detection: 'color_detection'
2025-08-24 09:40:55,010 - INFO - 📊 Status: 0 bottles, 0 detections, 0 reached
2025-08-24 09:40:55,065 - ERROR - Error in bottle detection: 'color_detection'
2025-08-24 09:40:55,121 - ERROR - Error in bottle detection: 'color_detection'
2025-08-24 09:40:55,177 - ERROR - Error in bottle detection: 'color_detection'
2025-08-24 09:40:55,233 - ERROR - Error in bottle detection: 'color_detection'
2025-08-24 09:40:55,293 - ERROR - Error in bottle detection: 'color_detection'
2025-08-24 09:40:55,351 - ERROR - Error in bottle detection: 'color_detection'
2025-08-24 09:40:55,411 - ERROR - Error in bottle detection: 'color_detection'
2025-08-24 09:40:55,469 - ERROR - Error in bottle detection: 'color_detection'
2025-08-24 09:40:55,526 - ERROR - Error in bottle detection: 'color_detection'
2025-08-24 09:40:55,582 - ERROR - Error in bottle detection: 'color_detection'
2025-08-24 09:40:55,639 - ERROR - Error in bottle detection: 'color_detection'
2025-08-24 09:40:55,698 - ERROR - Error in bottle detection: 'color_detection'
2025-08-24 09:40:55,754 - ERROR - Error in bottle detection: 'color_detection'
2025-08-24 09:40:55,810 - ERROR - Error in bottle detection: 'color_detection'
2025-08-24 09:40:55,866 - ERROR - Error in bottle detection: 'color_detection'
2025-08-24 09:40:55,922 - ERROR - Error in bottle detection: 'color_detection'
2025-08-24 09:40:55,978 - ERROR - Error in bottle detection: 'color_detection'
2025-08-24 09:40:56,034 - ERROR - Error in bottle detection: 'color_detection'
2025-08-24 09:40:56,093 - ERROR - Error in bottle detection: 'color_detection'
2025-08-24 09:40:56,151 - ERROR - Error in bottle detection: 'color_detection'
2025-08-24 09:40:56,209 - ERROR - Error in bottle detection: 'color_detection'
2025-08-24 09:40:56,267 - ERROR - Error in bottle detection: 'color_detection'
2025-08-24 09:40:56,324 - ERROR - Error in bottle detection: 'color_detection'
2025-08-24 09:40:56,381 - ERROR - Error in bottle detection: 'color_detection'
2025-08-24 09:40:56,436 - ERROR - Error in bottle detection: 'color_detection'
2025-08-24 09:40:56,492 - ERROR - Error in bottle detection: 'color_detection'
2025-08-24 09:40:56,548 - ERROR - Error in bottle detection: 'color_detection'
2025-08-24 09:40:56,605 - ERROR - Error in bottle detection: 'color_detection'
2025-08-24 09:40:56,661 - ERROR - Error in bottle detection: 'color_detection'
2025-08-24 09:40:56,728 - ERROR - Error in bottle detection: 'color_detection'
2025-08-24 09:40:56,787 - ERROR - Error in bottle detection: 'color_detection'
2025-08-24 09:40:56,845 - ERROR - Error in bottle detection: 'color_detection'
2025-08-24 09:40:56,900 - ERROR - Error in bottle detection: 'color_detection'
2025-08-24 09:40:56,956 - ERROR - Error in bottle detection: 'color_detection'
2025-08-24 09:40:57,011 - ERROR - Error in bottle detection: 'color_detection'
2025-08-24 09:40:57,068 - ERROR - Error in bottle detection: 'color_detection'
2025-08-24 09:40:57,124 - ERROR - Error in bottle detection: 'color_detection'
2025-08-24 09:40:57,180 - ERROR - Error in bottle detection: 'color_detection'
2025-08-24 09:40:57,236 - ERROR - Error in bottle detection: 'color_detection'
2025-08-24 09:40:57,294 - ERROR - Error in bottle detection: 'color_detection'
2025-08-24 09:40:57,351 - ERROR - Error in bottle detection: 'color_detection'
2025-08-24 09:40:57,410 - ERROR - Error in bottle detection: 'color_detection'
2025-08-24 09:40:57,467 - ERROR - Error in bottle detection: 'color_detection'
2025-08-24 09:40:57,524 - ERROR - Error in bottle detection: 'color_detection'
2025-08-24 09:40:57,579 - ERROR - Error in bottle detection: 'color_detection'
2025-08-24 09:40:57,635 - ERROR - Error in bottle detection: 'color_detection'
2025-08-24 09:40:57,690 - ERROR - Error in bottle detection: 'color_detection'
2025-08-24 09:40:57,748 - ERROR - Error in bottle detection: 'color_detection'
2025-08-24 09:40:57,806 - ERROR - Error in bottle detection: 'color_detection'
2025-08-24 09:40:57,862 - ERROR - Error in bottle detection: 'color_detection'
2025-08-24 09:40:57,918 - ERROR - Error in bottle detection: 'color_detection'
2025-08-24 09:40:57,973 - ERROR - Error in bottle detection: 'color_detection'
2025-08-24 09:40:58,029 - ERROR - Error in bottle detection: 'color_detection'
2025-08-24 09:40:58,084 - ERROR - Error in bottle detection: 'color_detection'
2025-08-24 09:40:58,140 - ERROR - Error in bottle detection: 'color_detection'
2025-08-24 09:40:58,195 - ERROR - Error in bottle detection: 'color_detection'
2025-08-24 09:40:58,251 - ERROR - Error in bottle detection: 'color_detection'
2025-08-24 09:40:58,307 - ERROR - Error in bottle detection: 'color_detection'
2025-08-24 09:40:58,364 - ERROR - Error in bottle detection: 'color_detection'
2025-08-24 09:40:58,420 - ERROR - Error in bottle detection: 'color_detection'
2025-08-24 09:40:58,475 - ERROR - Error in bottle detection: 'color_detection'
2025-08-24 09:40:58,531 - ERROR - Error in bottle detection: 'color_detection'
2025-08-24 09:40:58,587 - ERROR - Error in bottle detection: 'color_detection'
2025-08-24 09:40:58,643 - ERROR - Error in bottle detection: 'color_detection'
2025-08-24 09:40:58,700 - ERROR - Error in bottle detection: 'color_detection'
2025-08-24 09:40:58,760 - ERROR - Error in bottle detection: 'color_detection'
2025-08-24 09:40:58,817 - ERROR - Error in bottle detection: 'color_detection'
2025-08-24 09:40:58,877 - ERROR - Error in bottle detection: 'color_detection'
2025-08-24 09:40:58,934 - ERROR - Error in bottle detection: 'color_detection'
2025-08-24 09:40:58,992 - ERROR - Error in bottle detection: 'color_detection'
2025-08-24 09:40:59,047 - ERROR - Error in bottle detection: 'color_detection'
2025-08-24 09:40:59,106 - ERROR - Error in bottle detection: 'color_detection'
2025-08-24 09:40:59,162 - ERROR - Error in bottle detection: 'color_detection'
2025-08-24 09:40:59,219 - ERROR - Error in bottle detection: 'color_detection'
2025-08-24 09:40:59,276 - ERROR - Error in bottle detection: 'color_detection'
2025-08-24 09:40:59,332 - ERROR - Error in bottle detection: 'color_detection'
2025-08-24 09:40:59,388 - ERROR - Error in bottle detection: 'color_detection'
2025-08-24 09:40:59,444 - ERROR - Error in bottle detection: 'color_detection'
2025-08-24 09:40:59,499 - ERROR - Error in bottle detection: 'color_detection'
2025-08-24 09:40:59,555 - ERROR - Error in bottle detection: 'color_detection'
2025-08-24 09:40:59,610 - ERROR - Error in bottle detection: 'color_detection'
2025-08-24 09:40:59,666 - ERROR - Error in bottle detection: 'color_detection'
2025-08-24 09:40:59,723 - ERROR - Error in bottle detection: 'color_detection'
2025-08-24 09:40:59,782 - ERROR - Error in bottle detection: 'color_detection'
2025-08-24 09:40:59,839 - ERROR - Error in bottle detection: 'color_detection'
2025-08-24 09:40:59,899 - ERROR - Error in bottle detection: 'color_detection'
2025-08-24 09:40:59,955 - ERROR - Error in bottle detection: 'color_detection'
2025-08-24 09:41:00,011 - ERROR - Error in bottle detection: 'color_detection'
2025-08-24 09:41:00,012 - INFO - 📊 Status: 0 bottles, 0 detections, 0 reached
2025-08-24 09:41:00,066 - ERROR - Error in bottle detection: 'color_detection'
2025-08-24 09:41:00,122 - ERROR - Error in bottle detection: 'color_detection'
2025-08-24 09:41:00,178 - ERROR - Error in bottle detection: 'color_detection'
2025-08-24 09:41:00,239 - ERROR - Error in bottle detection: 'color_detection'
2025-08-24 09:41:00,297 - ERROR - Error in bottle detection: 'color_detection'
2025-08-24 09:41:00,355 - ERROR - Error in bottle detection: 'color_detection'
2025-08-24 09:41:00,412 - ERROR - Error in bottle detection: 'color_detection'
2025-08-24 09:41:00,469 - ERROR - Error in bottle detection: 'color_detection'
2025-08-24 09:41:00,527 - ERROR - Error in bottle detection: 'color_detection'
2025-08-24 09:41:00,584 - ERROR - Error in bottle detection: 'color_detection'
2025-08-24 09:41:00,640 - ERROR - Error in bottle detection: 'color_detection'
2025-08-24 09:41:00,697 - ERROR - Error in bottle detection: 'color_detection'
2025-08-24 09:41:00,753 - ERROR - Error in bottle detection: 'color_detection'
2025-08-24 09:41:00,810 - ERROR - Error in bottle detection: 'color_detection'
2025-08-24 09:41:00,867 - ERROR - Error in bottle detection: 'color_detection'
2025-08-24 09:41:00,923 - ERROR - Error in bottle detection: 'color_detection'
2025-08-24 09:41:00,979 - ERROR - Error in bottle detection: 'color_detection'
2025-08-24 09:41:01,035 - ERROR - Error in bottle detection: 'color_detection'
2025-08-24 09:41:01,091 - ERROR - Error in bottle detection: 'color_detection'
2025-08-24 09:41:01,148 - ERROR - Error in bottle detection: 'color_detection'
2025-08-24 09:41:01,207 - ERROR - Error in bottle detection: 'color_detection'
2025-08-24 09:41:01,267 - ERROR - Error in bottle detection: 'color_detection'
2025-08-24 09:41:01,323 - ERROR - Error in bottle detection: 'color_detection'
2025-08-24 09:41:01,379 - ERROR - Error in bottle detection: 'color_detection'
2025-08-24 09:41:01,435 - ERROR - Error in bottle detection: 'color_detection'
2025-08-24 09:41:01,491 - ERROR - Error in bottle detection: 'color_detection'
2025-08-24 09:41:01,547 - ERROR - Error in bottle detection: 'color_detection'
2025-08-24 09:41:01,603 - ERROR - Error in bottle detection: 'color_detection'
2025-08-24 09:41:01,659 - ERROR - Error in bottle detection: 'color_detection'
2025-08-24 09:41:01,717 - ERROR - Error in bottle detection: 'color_detection'
2025-08-24 09:41:01,774 - ERROR - Error in bottle detection: 'color_detection'
2025-08-24 09:41:01,832 - ERROR - Error in bottle detection: 'color_detection'
2025-08-24 09:41:01,890 - ERROR - Error in bottle detection: 'color_detection'
2025-08-24 09:41:01,946 - ERROR - Error in bottle detection: 'color_detection'
2025-08-24 09:41:02,003 - ERROR - Error in bottle detection: 'color_detection'
2025-08-24 09:41:02,059 - ERROR - Error in bottle detection: 'color_detection'
2025-08-24 09:41:02,115 - ERROR - Error in bottle detection: 'color_detection'
2025-08-24 09:41:02,171 - ERROR - Error in bottle detection: 'color_detection'
2025-08-24 09:41:02,229 - ERROR - Error in bottle detection: 'color_detection'
2025-08-24 09:41:02,286 - ERROR - Error in bottle detection: 'color_detection'
2025-08-24 09:41:02,342 - ERROR - Error in bottle detection: 'color_detection'
2025-08-24 09:41:02,399 - ERROR - Error in bottle detection: 'color_detection'
2025-08-24 09:41:02,456 - ERROR - Error in bottle detection: 'color_detection'
2025-08-24 09:41:02,513 - ERROR - Error in bottle detection: 'color_detection'
2025-08-24 09:41:02,570 - ERROR - Error in bottle detection: 'color_detection'
2025-08-24 09:41:02,630 - ERROR - Error in bottle detection: 'color_detection'
2025-08-24 09:41:02,687 - ERROR - Error in bottle detection: 'color_detection'
2025-08-24 09:41:02,743 - ERROR - Error in bottle detection: 'color_detection'
2025-08-24 09:41:02,799 - ERROR - Error in bottle detection: 'color_detection'
2025-08-24 09:41:02,855 - ERROR - Error in bottle detection: 'color_detection'
2025-08-24 09:41:02,911 - ERROR - Error in bottle detection: 'color_detection'
2025-08-24 09:41:02,968 - ERROR - Error in bottle detection: 'color_detection'
2025-08-24 09:41:03,026 - ERROR - Error in bottle detection: 'color_detection'
2025-08-24 09:41:03,084 - ERROR - Error in bottle detection: 'color_detection'
2025-08-24 09:41:03,142 - ERROR - Error in bottle detection: 'color_detection'
2025-08-24 09:41:03,199 - ERROR - Error in bottle detection: 'color_detection'
2025-08-24 09:41:03,255 - ERROR - Error in bottle detection: 'color_detection'
2025-08-24 09:41:03,311 - ERROR - Error in bottle detection: 'color_detection'
2025-08-24 09:41:03,367 - ERROR - Error in bottle detection: 'color_detection'
2025-08-24 09:41:03,426 - ERROR - Error in bottle detection: 'color_detection'
2025-08-24 09:41:03,485 - ERROR - Error in bottle detection: 'color_detection'
2025-08-24 09:41:03,544 - ERROR - Error in bottle detection: 'color_detection'
2025-08-24 09:41:03,600 - ERROR - Error in bottle detection: 'color_detection'
2025-08-24 09:41:03,658 - ERROR - Error in bottle detection: 'color_detection'
2025-08-24 09:41:03,714 - ERROR - Error in bottle detection: 'color_detection'
2025-08-24 09:41:03,770 - ERROR - Error in bottle detection: 'color_detection'
2025-08-24 09:41:03,826 - ERROR - Error in bottle detection: 'color_detection'
2025-08-24 09:41:03,882 - ERROR - Error in bottle detection: 'color_detection'
2025-08-24 09:41:03,939 - ERROR - Error in bottle detection: 'color_detection'
2025-08-24 09:41:03,995 - ERROR - Error in bottle detection: 'color_detection'
2025-08-24 09:41:04,050 - ERROR - Error in bottle detection: 'color_detection'
2025-08-24 09:41:04,111 - ERROR - Error in bottle detection: 'color_detection'
2025-08-24 09:41:04,167 - ERROR - Error in bottle detection: 'color_detection'
2025-08-24 09:41:04,225 - ERROR - Error in bottle detection: 'color_detection'
2025-08-24 09:41:04,282 - ERROR - Error in bottle detection: 'color_detection'
2025-08-24 09:41:04,339 - ERROR - Error in bottle detection: 'color_detection'
2025-08-24 09:41:04,399 - ERROR - Error in bottle detection: 'color_detection'
2025-08-24 09:41:04,462 - ERROR - Error in bottle detection: 'color_detection'
2025-08-24 09:41:04,520 - ERROR - Error in bottle detection: 'color_detection'
2025-08-24 09:41:04,579 - ERROR - Error in bottle detection: 'color_detection'
2025-08-24 09:41:04,636 - ERROR - Error in bottle detection: 'color_detection'
2025-08-24 09:41:04,697 - ERROR - Error in bottle detection: 'color_detection'
2025-08-24 09:41:04,753 - ERROR - Error in bottle detection: 'color_detection'
2025-08-24 09:41:04,809 - ERROR - Error in bottle detection: 'color_detection'
2025-08-24 09:41:04,865 - ERROR - Error in bottle detection: 'color_detection'
2025-08-24 09:41:04,921 - ERROR - Error in bottle detection: 'color_detection'
2025-08-24 09:41:04,977 - ERROR - Error in bottle detection: 'color_detection'
2025-08-24 09:41:05,033 - ERROR - Error in bottle detection: 'color_detection'
2025-08-24 09:41:05,035 - INFO - 📊 Status: 0 bottles, 0 detections, 0 reached
2025-08-24 09:41:05,089 - ERROR - Error in bottle detection: 'color_detection'
2025-08-24 09:41:05,144 - ERROR - Error in bottle detection: 'color_detection'
2025-08-24 09:41:05,199 - ERROR - Error in bottle detection: 'color_detection'
2025-08-24 09:41:05,255 - ERROR - Error in bottle detection: 'color_detection'
2025-08-24 09:41:05,311 - ERROR - Error in bottle detection: 'color_detection'
2025-08-24 09:41:05,367 - ERROR - Error in bottle detection: 'color_detection'
2025-08-24 09:41:05,424 - ERROR - Error in bottle detection: 'color_detection'
2025-08-24 09:41:05,482 - ERROR - Error in bottle detection: 'color_detection'
2025-08-24 09:41:05,541 - ERROR - Error in bottle detection: 'color_detection'
2025-08-24 09:41:05,599 - ERROR - Error in bottle detection: 'color_detection'
2025-08-24 09:41:05,657 - ERROR - Error in bottle detection: 'color_detection'
2025-08-24 09:41:05,714 - ERROR - Error in bottle detection: 'color_detection'
2025-08-24 09:41:05,770 - ERROR - Error in bottle detection: 'color_detection'
2025-08-24 09:41:05,826 - ERROR - Error in bottle detection: 'color_detection'
2025-08-24 09:41:05,881 - ERROR - Error in bottle detection: 'color_detection'
2025-08-24 09:41:05,937 - ERROR - Error in bottle detection: 'color_detection'
2025-08-24 09:41:05,994 - ERROR - Error in bottle detection: 'color_detection'
2025-08-24 09:41:06,050 - ERROR - Error in bottle detection: 'color_detection'
2025-08-24 09:41:06,106 - ERROR - Error in bottle detection: 'color_detection'
2025-08-24 09:41:06,162 - ERROR - Error in bottle detection: 'color_detection'
2025-08-24 09:41:06,218 - ERROR - Error in bottle detection: 'color_detection'
2025-08-24 09:41:06,274 - ERROR - Error in bottle detection: 'color_detection'
2025-08-24 09:41:06,330 - ERROR - Error in bottle detection: 'color_detection'
2025-08-24 09:41:06,385 - ERROR - Error in bottle detection: 'color_detection'
2025-08-24 09:41:06,441 - ERROR - Error in bottle detection: 'color_detection'
2025-08-24 09:41:06,497 - ERROR - Error in bottle detection: 'color_detection'
2025-08-24 09:41:06,554 - ERROR - Error in bottle detection: 'color_detection'
2025-08-24 09:41:06,613 - ERROR - Error in bottle detection: 'color_detection'
2025-08-24 09:41:06,669 - ERROR - Error in bottle detection: 'color_detection'
2025-08-24 09:41:06,726 - ERROR - Error in bottle detection: 'color_detection'
2025-08-24 09:41:06,782 - ERROR - Error in bottle detection: 'color_detection'
2025-08-24 09:41:06,837 - ERROR - Error in bottle detection: 'color_detection'
2025-08-24 09:41:06,893 - ERROR - Error in bottle detection: 'color_detection'
2025-08-24 09:41:06,950 - ERROR - Error in bottle detection: 'color_detection'
2025-08-24 09:41:07,007 - ERROR - Error in bottle detection: 'color_detection'
2025-08-24 09:41:07,064 - ERROR - Error in bottle detection: 'color_detection'
2025-08-24 09:41:07,122 - ERROR - Error in bottle detection: 'color_detection'
2025-08-24 09:41:07,180 - ERROR - Error in bottle detection: 'color_detection'
2025-08-24 09:41:07,236 - ERROR - Error in bottle detection: 'color_detection'
2025-08-24 09:41:07,291 - ERROR - Error in bottle detection: 'color_detection'
2025-08-24 09:41:07,347 - ERROR - Error in bottle detection: 'color_detection'
2025-08-24 09:41:07,402 - ERROR - Error in bottle detection: 'color_detection'
2025-08-24 09:41:07,459 - ERROR - Error in bottle detection: 'color_detection'
2025-08-24 09:41:07,515 - ERROR - Error in bottle detection: 'color_detection'
2025-08-24 09:41:07,572 - ERROR - Error in bottle detection: 'color_detection'
2025-08-24 09:41:07,629 - ERROR - Error in bottle detection: 'color_detection'
2025-08-24 09:41:07,685 - ERROR - Error in bottle detection: 'color_detection'
2025-08-24 09:41:07,745 - ERROR - Error in bottle detection: 'color_detection'
2025-08-24 09:41:07,801 - ERROR - Error in bottle detection: 'color_detection'
2025-08-24 09:41:07,860 - ERROR - Error in bottle detection: 'color_detection'
2025-08-24 09:41:07,918 - ERROR - Error in bottle detection: 'color_detection'
2025-08-24 09:41:07,977 - ERROR - Error in bottle detection: 'color_detection'
2025-08-24 09:41:08,035 - ERROR - Error in bottle detection: 'color_detection'
2025-08-24 09:41:08,092 - ERROR - Error in bottle detection: 'color_detection'
2025-08-24 09:41:08,148 - ERROR - Error in bottle detection: 'color_detection'
2025-08-24 09:41:08,206 - ERROR - Error in bottle detection: 'color_detection'
2025-08-24 09:41:08,261 - ERROR - Error in bottle detection: 'color_detection'
2025-08-24 09:41:08,317 - ERROR - Error in bottle detection: 'color_detection'
2025-08-24 09:41:08,374 - ERROR - Error in bottle detection: 'color_detection'
2025-08-24 09:41:08,431 - ERROR - Error in bottle detection: 'color_detection'
2025-08-24 09:41:08,492 - ERROR - Error in bottle detection: 'color_detection'
2025-08-24 09:41:08,550 - ERROR - Error in bottle detection: 'color_detection'
2025-08-24 09:41:08,607 - ERROR - Error in bottle detection: 'color_detection'
2025-08-24 09:41:08,663 - ERROR - Error in bottle detection: 'color_detection'
2025-08-24 09:41:08,718 - ERROR - Error in bottle detection: 'color_detection'
2025-08-24 09:41:08,774 - ERROR - Error in bottle detection: 'color_detection'
2025-08-24 09:41:08,829 - ERROR - Error in bottle detection: 'color_detection'
2025-08-24 09:41:08,885 - ERROR - Error in bottle detection: 'color_detection'
2025-08-24 09:41:08,940 - ERROR - Error in bottle detection: 'color_detection'
2025-08-24 09:41:08,996 - ERROR - Error in bottle detection: 'color_detection'
2025-08-24 09:41:09,052 - ERROR - Error in bottle detection: 'color_detection'
2025-08-24 09:41:09,109 - ERROR - Error in bottle detection: 'color_detection'
2025-08-24 09:41:09,167 - ERROR - Error in bottle detection: 'color_detection'
2025-08-24 09:41:09,226 - ERROR - Error in bottle detection: 'color_detection'
2025-08-24 09:41:09,285 - ERROR - Error in bottle detection: 'color_detection'
2025-08-24 09:41:09,344 - ERROR - Error in bottle detection: 'color_detection'
2025-08-24 09:41:09,401 - ERROR - Error in bottle detection: 'color_detection'
2025-08-24 09:41:09,459 - ERROR - Error in bottle detection: 'color_detection'
2025-08-24 09:41:09,516 - ERROR - Error in bottle detection: 'color_detection'
2025-08-24 09:41:09,572 - ERROR - Error in bottle detection: 'color_detection'
2025-08-24 09:41:09,627 - ERROR - Error in bottle detection: 'color_detection'
2025-08-24 09:41:09,683 - ERROR - Error in bottle detection: 'color_detection'
2025-08-24 09:41:09,740 - ERROR - Error in bottle detection: 'color_detection'
2025-08-24 09:41:09,798 - ERROR - Error in bottle detection: 'color_detection'
2025-08-24 09:41:09,861 - ERROR - Error in bottle detection: 'color_detection'
2025-08-24 09:41:09,923 - ERROR - Error in bottle detection: 'color_detection'
2025-08-24 09:41:09,979 - ERROR - Error in bottle detection: 'color_detection'
2025-08-24 09:41:10,036 - ERROR - Error in bottle detection: 'color_detection'
2025-08-24 09:41:10,038 - INFO - 📊 Status: 0 bottles, 0 detections, 0 reached
2025-08-24 09:41:10,093 - ERROR - Error in bottle detection: 'color_detection'
2025-08-24 09:41:10,149 - ERROR - Error in bottle detection: 'color_detection'
2025-08-24 09:41:10,205 - ERROR - Error in bottle detection: 'color_detection'
2025-08-24 09:41:10,262 - ERROR - Error in bottle detection: 'color_detection'
2025-08-24 09:41:10,317 - ERROR - Error in bottle detection: 'color_detection'
2025-08-24 09:41:10,373 - ERROR - Error in bottle detection: 'color_detection'
2025-08-24 09:41:10,429 - ERROR - Error in bottle detection: 'color_detection'
2025-08-24 09:41:10,485 - ERROR - Error in bottle detection: 'color_detection'
2025-08-24 09:41:10,541 - ERROR - Error in bottle detection: 'color_detection'
2025-08-24 09:41:10,606 - ERROR - Error in bottle detection: 'color_detection'
2025-08-24 09:41:10,662 - ERROR - Error in bottle detection: 'color_detection'
2025-08-24 09:41:10,719 - ERROR - Error in bottle detection: 'color_detection'
2025-08-24 09:41:10,775 - ERROR - Error in bottle detection: 'color_detection'
2025-08-24 09:41:10,832 - ERROR - Error in bottle detection: 'color_detection'
2025-08-24 09:41:10,888 - ERROR - Error in bottle detection: 'color_detection'
2025-08-24 09:41:10,944 - ERROR - Error in bottle detection: 'color_detection'
2025-08-24 09:41:10,999 - ERROR - Error in bottle detection: 'color_detection'
2025-08-24 09:41:11,055 - ERROR - Error in bottle detection: 'color_detection'
2025-08-24 09:41:11,111 - ERROR - Error in bottle detection: 'color_detection'
2025-08-24 09:41:11,167 - ERROR - Error in bottle detection: 'color_detection'
2025-08-24 09:41:11,224 - ERROR - Error in bottle detection: 'color_detection'
2025-08-24 09:41:11,282 - ERROR - Error in bottle detection: 'color_detection'
2025-08-24 09:41:11,339 - ERROR - Error in bottle detection: 'color_detection'
2025-08-24 09:41:11,397 - ERROR - Error in bottle detection: 'color_detection'
2025-08-24 09:41:11,453 - ERROR - Error in bottle detection: 'color_detection'
2025-08-24 09:41:11,510 - ERROR - Error in bottle detection: 'color_detection'
2025-08-24 09:41:11,566 - ERROR - Error in bottle detection: 'color_detection'
2025-08-24 09:41:11,622 - ERROR - Error in bottle detection: 'color_detection'
2025-08-24 09:41:11,679 - ERROR - Error in bottle detection: 'color_detection'
2025-08-24 09:41:11,735 - ERROR - Error in bottle detection: 'color_detection'
2025-08-24 09:41:11,791 - ERROR - Error in bottle detection: 'color_detection'
2025-08-24 09:41:11,847 - ERROR - Error in bottle detection: 'color_detection'
2025-08-24 09:41:11,902 - ERROR - Error in bottle detection: 'color_detection'
2025-08-24 09:41:11,958 - ERROR - Error in bottle detection: 'color_detection'
2025-08-24 09:41:12,016 - ERROR - Error in bottle detection: 'color_detection'
2025-08-24 09:41:12,075 - ERROR - Error in bottle detection: 'color_detection'
2025-08-24 09:41:12,131 - ERROR - Error in bottle detection: 'color_detection'
2025-08-24 09:41:12,187 - ERROR - Error in bottle detection: 'color_detection'
2025-08-24 09:41:12,243 - ERROR - Error in bottle detection: 'color_detection'
2025-08-24 09:41:12,299 - ERROR - Error in bottle detection: 'color_detection'
2025-08-24 09:41:12,356 - ERROR - Error in bottle detection: 'color_detection'
2025-08-24 09:41:12,413 - ERROR - Error in bottle detection: 'color_detection'
2025-08-24 09:41:12,473 - ERROR - Error in bottle detection: 'color_detection'
2025-08-24 09:41:12,537 - ERROR - Error in bottle detection: 'color_detection'
2025-08-24 09:41:12,595 - ERROR - Error in bottle detection: 'color_detection'
2025-08-24 09:41:12,652 - ERROR - Error in bottle detection: 'color_detection'
2025-08-24 09:41:12,711 - ERROR - Error in bottle detection: 'color_detection'
2025-08-24 09:41:12,767 - ERROR - Error in bottle detection: 'color_detection'
2025-08-24 09:41:12,823 - ERROR - Error in bottle detection: 'color_detection'
2025-08-24 09:41:12,878 - ERROR - Error in bottle detection: 'color_detection'
2025-08-24 09:41:12,934 - ERROR - Error in bottle detection: 'color_detection'
2025-08-24 09:41:12,990 - ERROR - Error in bottle detection: 'color_detection'
2025-08-24 09:41:13,046 - ERROR - Error in bottle detection: 'color_detection'
2025-08-24 09:41:13,102 - ERROR - Error in bottle detection: 'color_detection'
2025-08-24 09:41:13,158 - ERROR - Error in bottle detection: 'color_detection'
2025-08-24 09:41:13,214 - ERROR - Error in bottle detection: 'color_detection'
2025-08-24 09:41:13,270 - ERROR - Error in bottle detection: 'color_detection'
2025-08-24 09:41:13,326 - ERROR - Error in bottle detection: 'color_detection'
2025-08-24 09:41:13,383 - ERROR - Error in bottle detection: 'color_detection'
2025-08-24 09:41:13,441 - ERROR - Error in bottle detection: 'color_detection'
2025-08-24 09:41:13,498 - ERROR - Error in bottle detection: 'color_detection'
2025-08-24 09:41:13,555 - ERROR - Error in bottle detection: 'color_detection'
2025-08-24 09:41:13,611 - ERROR - Error in bottle detection: 'color_detection'
2025-08-24 09:41:13,666 - ERROR - Error in bottle detection: 'color_detection'
2025-08-24 09:41:13,723 - ERROR - Error in bottle detection: 'color_detection'
2025-08-24 09:41:13,783 - ERROR - Error in bottle detection: 'color_detection'
2025-08-24 09:41:13,844 - ERROR - Error in bottle detection: 'color_detection'
2025-08-24 09:41:13,902 - ERROR - Error in bottle detection: 'color_detection'
2025-08-24 09:41:13,959 - ERROR - Error in bottle detection: 'color_detection'
2025-08-24 09:41:14,016 - ERROR - Error in bottle detection: 'color_detection'
2025-08-24 09:41:14,074 - ERROR - Error in bottle detection: 'color_detection'
2025-08-24 09:41:14,130 - ERROR - Error in bottle detection: 'color_detection'
2025-08-24 09:41:14,186 - ERROR - Error in bottle detection: 'color_detection'
2025-08-24 09:41:14,242 - ERROR - Error in bottle detection: 'color_detection'
2025-08-24 09:41:14,298 - ERROR - Error in bottle detection: 'color_detection'
2025-08-24 09:41:14,354 - ERROR - Error in bottle detection: 'color_detection'
2025-08-24 09:41:14,409 - ERROR - Error in bottle detection: 'color_detection'
2025-08-24 09:41:14,465 - ERROR - Error in bottle detection: 'color_detection'
2025-08-24 09:41:14,521 - ERROR - Error in bottle detection: 'color_detection'
2025-08-24 09:41:14,577 - ERROR - Error in bottle detection: 'color_detection'
2025-08-24 09:41:14,632 - ERROR - Error in bottle detection: 'color_detection'
2025-08-24 09:41:14,687 - ERROR - Error in bottle detection: 'color_detection'
2025-08-24 09:41:14,748 - ERROR - Error in bottle detection: 'color_detection'
2025-08-24 09:41:14,805 - ERROR - Error in bottle detection: 'color_detection'
2025-08-24 09:41:14,863 - ERROR - Error in bottle detection: 'color_detection'
2025-08-24 09:41:14,919 - ERROR - Error in bottle detection: 'color_detection'
2025-08-24 09:41:14,975 - ERROR - Error in bottle detection: 'color_detection'
2025-08-24 09:41:15,032 - ERROR - Error in bottle detection: 'color_detection'
2025-08-24 09:41:15,088 - ERROR - Error in bottle detection: 'color_detection'
2025-08-24 09:41:15,090 - INFO - 📊 Status: 0 bottles, 0 detections, 0 reached
2025-08-24 09:41:15,145 - ERROR - Error in bottle detection: 'color_detection'
2025-08-24 09:41:15,203 - ERROR - Error in bottle detection: 'color_detection'
2025-08-24 09:41:15,261 - ERROR - Error in bottle detection: 'color_detection'
2025-08-24 09:41:15,317 - ERROR - Error in bottle detection: 'color_detection'
2025-08-24 09:41:15,374 - ERROR - Error in bottle detection: 'color_detection'
2025-08-24 09:41:15,429 - ERROR - Error in bottle detection: 'color_detection'
2025-08-24 09:41:15,486 - ERROR - Error in bottle detection: 'color_detection'
2025-08-24 09:41:15,543 - ERROR - Error in bottle detection: 'color_detection'
2025-08-24 09:41:15,598 - ERROR - Error in bottle detection: 'color_detection'
2025-08-24 09:41:15,655 - ERROR - Error in bottle detection: 'color_detection'
2025-08-24 09:41:15,711 - ERROR - Error in bottle detection: 'color_detection'
2025-08-24 09:41:15,767 - ERROR - Error in bottle detection: 'color_detection'
2025-08-24 09:41:15,825 - ERROR - Error in bottle detection: 'color_detection'
2025-08-24 09:41:15,882 - ERROR - Error in bottle detection: 'color_detection'
2025-08-24 09:41:15,941 - ERROR - Error in bottle detection: 'color_detection'
2025-08-24 09:41:16,000 - ERROR - Error in bottle detection: 'color_detection'
2025-08-24 09:41:16,057 - ERROR - Error in bottle detection: 'color_detection'
2025-08-24 09:41:16,113 - ERROR - Error in bottle detection: 'color_detection'
2025-08-24 09:41:16,169 - ERROR - Error in bottle detection: 'color_detection'
2025-08-24 09:41:16,226 - ERROR - Error in bottle detection: 'color_detection'
2025-08-24 09:41:16,283 - ERROR - Error in bottle detection: 'color_detection'
2025-08-24 09:41:16,343 - ERROR - Error in bottle detection: 'color_detection'
2025-08-24 09:41:16,400 - ERROR - Error in bottle detection: 'color_detection'
2025-08-24 09:41:16,456 - ERROR - Error in bottle detection: 'color_detection'
2025-08-24 09:41:16,512 - ERROR - Error in bottle detection: 'color_detection'
2025-08-24 09:41:16,568 - ERROR - Error in bottle detection: 'color_detection'
2025-08-24 09:41:16,624 - ERROR - Error in bottle detection: 'color_detection'
2025-08-24 09:41:16,680 - ERROR - Error in bottle detection: 'color_detection'
2025-08-24 09:41:16,736 - ERROR - Error in bottle detection: 'color_detection'
2025-08-24 09:41:16,792 - ERROR - Error in bottle detection: 'color_detection'
2025-08-24 09:41:16,849 - ERROR - Error in bottle detection: 'color_detection'
2025-08-24 09:41:16,904 - ERROR - Error in bottle detection: 'color_detection'
2025-08-24 09:41:16,960 - ERROR - Error in bottle detection: 'color_detection'
2025-08-24 09:41:17,015 - ERROR - Error in bottle detection: 'color_detection'
2025-08-24 09:41:17,072 - ERROR - Error in bottle detection: 'color_detection'
2025-08-24 09:41:17,129 - ERROR - Error in bottle detection: 'color_detection'
2025-08-24 09:41:17,187 - ERROR - Error in bottle detection: 'color_detection'
2025-08-24 09:41:17,244 - ERROR - Error in bottle detection: 'color_detection'
2025-08-24 09:41:17,301 - ERROR - Error in bottle detection: 'color_detection'
2025-08-24 09:41:17,359 - ERROR - Error in bottle detection: 'color_detection'
2025-08-24 09:41:17,416 - ERROR - Error in bottle detection: 'color_detection'
2025-08-24 09:41:17,474 - ERROR - Error in bottle detection: 'color_detection'
2025-08-24 09:41:17,532 - ERROR - Error in bottle detection: 'color_detection'
2025-08-24 09:41:17,589 - ERROR - Error in bottle detection: 'color_detection'
2025-08-24 09:41:17,648 - ERROR - Error in bottle detection: 'color_detection'
2025-08-24 09:41:17,706 - ERROR - Error in bottle detection: 'color_detection'
2025-08-24 09:41:17,766 - ERROR - Error in bottle detection: 'color_detection'
2025-08-24 09:41:17,822 - ERROR - Error in bottle detection: 'color_detection'
2025-08-24 09:41:17,879 - ERROR - Error in bottle detection: 'color_detection'
2025-08-24 09:41:17,937 - ERROR - Error in bottle detection: 'color_detection'
2025-08-24 09:41:17,993 - ERROR - Error in bottle detection: 'color_detection'
2025-08-24 09:41:18,049 - ERROR - Error in bottle detection: 'color_detection'
2025-08-24 09:41:18,105 - ERROR - Error in bottle detection: 'color_detection'
2025-08-24 09:41:18,161 - ERROR - Error in bottle detection: 'color_detection'
2025-08-24 09:41:18,217 - ERROR - Error in bottle detection: 'color_detection'
2025-08-24 09:41:18,273 - ERROR - Error in bottle detection: 'color_detection'
2025-08-24 09:41:18,330 - ERROR - Error in bottle detection: 'color_detection'
2025-08-24 09:41:18,385 - ERROR - Error in bottle detection: 'color_detection'
2025-08-24 09:41:18,442 - ERROR - Error in bottle detection: 'color_detection'
2025-08-24 09:41:18,501 - ERROR - Error in bottle detection: 'color_detection'
2025-08-24 09:41:18,558 - ERROR - Error in bottle detection: 'color_detection'
2025-08-24 09:41:18,614 - ERROR - Error in bottle detection: 'color_detection'
2025-08-24 09:41:18,671 - ERROR - Error in bottle detection: 'color_detection'
2025-08-24 09:41:18,729 - ERROR - Error in bottle detection: 'color_detection'
2025-08-24 09:41:18,786 - ERROR - Error in bottle detection: 'color_detection'
2025-08-24 09:41:18,842 - ERROR - Error in bottle detection: 'color_detection'
2025-08-24 09:41:18,897 - ERROR - Error in bottle detection: 'color_detection'
2025-08-24 09:41:18,954 - ERROR - Error in bottle detection: 'color_detection'
2025-08-24 09:41:19,011 - ERROR - Error in bottle detection: 'color_detection'
2025-08-24 09:41:19,067 - ERROR - Error in bottle detection: 'color_detection'
2025-08-24 09:41:19,123 - ERROR - Error in bottle detection: 'color_detection'
2025-08-24 09:41:19,179 - ERROR - Error in bottle detection: 'color_detection'
2025-08-24 09:41:19,235 - ERROR - Error in bottle detection: 'color_detection'
2025-08-24 09:41:19,290 - ERROR - Error in bottle detection: 'color_detection'
2025-08-24 09:41:19,347 - ERROR - Error in bottle detection: 'color_detection'
2025-08-24 09:41:19,404 - ERROR - Error in bottle detection: 'color_detection'
2025-08-24 09:41:19,460 - ERROR - Error in bottle detection: 'color_detection'
2025-08-24 09:41:19,516 - ERROR - Error in bottle detection: 'color_detection'
2025-08-24 09:41:19,575 - ERROR - Error in bottle detection: 'color_detection'
2025-08-24 09:41:19,631 - ERROR - Error in bottle detection: 'color_detection'
2025-08-24 09:41:19,689 - ERROR - Error in bottle detection: 'color_detection'
2025-08-24 09:41:19,746 - ERROR - Error in bottle detection: 'color_detection'
2025-08-24 09:41:19,805 - ERROR - Error in bottle detection: 'color_detection'
2025-08-24 09:41:19,864 - ERROR - Error in bottle detection: 'color_detection'
2025-08-24 09:41:19,924 - ERROR - Error in bottle detection: 'color_detection'
2025-08-24 09:41:19,987 - ERROR - Error in bottle detection: 'color_detection'
2025-08-24 09:41:20,044 - ERROR - Error in bottle detection: 'color_detection'
2025-08-24 09:41:20,103 - ERROR - Error in bottle detection: 'color_detection'
2025-08-24 09:41:20,105 - INFO - 📊 Status: 0 bottles, 0 detections, 0 reached
2025-08-24 09:41:20,161 - ERROR - Error in bottle detection: 'color_detection'
2025-08-24 09:41:20,222 - ERROR - Error in bottle detection: 'color_detection'
2025-08-24 09:41:20,278 - ERROR - Error in bottle detection: 'color_detection'
2025-08-24 09:41:20,335 - ERROR - Error in bottle detection: 'color_detection'
2025-08-24 09:41:20,391 - ERROR - Error in bottle detection: 'color_detection'
2025-08-24 09:41:20,447 - ERROR - Error in bottle detection: 'color_detection'
2025-08-24 09:41:20,505 - ERROR - Error in bottle detection: 'color_detection'
2025-08-24 09:41:20,562 - ERROR - Error in bottle detection: 'color_detection'
2025-08-24 09:41:20,618 - ERROR - Error in bottle detection: 'color_detection'
2025-08-24 09:41:20,674 - ERROR - Error in bottle detection: 'color_detection'
2025-08-24 09:41:20,732 - ERROR - Error in bottle detection: 'color_detection'
2025-08-24 09:41:20,788 - ERROR - Error in bottle detection: 'color_detection'
2025-08-24 09:41:20,846 - ERROR - Error in bottle detection: 'color_detection'
2025-08-24 09:41:20,903 - ERROR - Error in bottle detection: 'color_detection'
2025-08-24 09:41:20,961 - ERROR - Error in bottle detection: 'color_detection'
2025-08-24 09:41:21,019 - ERROR - Error in bottle detection: 'color_detection'
2025-08-24 09:41:21,075 - ERROR - Error in bottle detection: 'color_detection'
2025-08-24 09:41:21,131 - ERROR - Error in bottle detection: 'color_detection'
2025-08-24 09:41:21,187 - ERROR - Error in bottle detection: 'color_detection'
2025-08-24 09:41:21,244 - ERROR - Error in bottle detection: 'color_detection'
2025-08-24 09:41:21,301 - ERROR - Error in bottle detection: 'color_detection'
2025-08-24 09:41:21,358 - ERROR - Error in bottle detection: 'color_detection'
2025-08-24 09:41:21,417 - ERROR - Error in bottle detection: 'color_detection'
2025-08-24 09:41:21,473 - ERROR - Error in bottle detection: 'color_detection'
2025-08-24 09:41:21,530 - ERROR - Error in bottle detection: 'color_detection'
2025-08-24 09:41:21,586 - ERROR - Error in bottle detection: 'color_detection'
2025-08-24 09:41:21,643 - ERROR - Error in bottle detection: 'color_detection'
2025-08-24 09:41:21,699 - ERROR - Error in bottle detection: 'color_detection'
2025-08-24 09:41:21,755 - ERROR - Error in bottle detection: 'color_detection'
2025-08-24 09:41:21,813 - ERROR - Error in bottle detection: 'color_detection'
2025-08-24 09:41:21,870 - ERROR - Error in bottle detection: 'color_detection'
2025-08-24 09:41:21,925 - ERROR - Error in bottle detection: 'color_detection'
2025-08-24 09:41:21,981 - ERROR - Error in bottle detection: 'color_detection'
2025-08-24 09:41:22,036 - ERROR - Error in bottle detection: 'color_detection'
2025-08-24 09:41:22,093 - ERROR - Error in bottle detection: 'color_detection'
2025-08-24 09:41:22,149 - ERROR - Error in bottle detection: 'color_detection'
2025-08-24 09:41:22,206 - ERROR - Error in bottle detection: 'color_detection'
2025-08-24 09:41:22,264 - ERROR - Error in bottle detection: 'color_detection'
2025-08-24 09:41:22,320 - ERROR - Error in bottle detection: 'color_detection'
2025-08-24 09:41:22,376 - ERROR - Error in bottle detection: 'color_detection'
2025-08-24 09:41:22,435 - ERROR - Error in bottle detection: 'color_detection'
2025-08-24 09:41:22,494 - ERROR - Error in bottle detection: 'color_detection'
2025-08-24 09:41:22,556 - ERROR - Error in bottle detection: 'color_detection'
2025-08-24 09:41:22,614 - ERROR - Error in bottle detection: 'color_detection'
2025-08-24 09:41:22,671 - ERROR - Error in bottle detection: 'color_detection'
2025-08-24 09:41:22,727 - ERROR - Error in bottle detection: 'color_detection'
2025-08-24 09:41:22,783 - ERROR - Error in bottle detection: 'color_detection'
2025-08-24 09:41:22,839 - ERROR - Error in bottle detection: 'color_detection'
2025-08-24 09:41:22,895 - ERROR - Error in bottle detection: 'color_detection'
2025-08-24 09:41:22,950 - ERROR - Error in bottle detection: 'color_detection'
2025-08-24 09:41:23,007 - ERROR - Error in bottle detection: 'color_detection'
2025-08-24 09:41:23,063 - ERROR - Error in bottle detection: 'color_detection'
2025-08-24 09:41:23,120 - ERROR - Error in bottle detection: 'color_detection'
2025-08-24 09:41:23,182 - ERROR - Error in bottle detection: 'color_detection'
2025-08-24 09:41:23,239 - ERROR - Error in bottle detection: 'color_detection'
2025-08-24 09:41:23,301 - ERROR - Error in bottle detection: 'color_detection'
2025-08-24 09:41:23,362 - ERROR - Error in bottle detection: 'color_detection'
2025-08-24 09:41:23,422 - ERROR - Error in bottle detection: 'color_detection'
2025-08-24 09:41:23,487 - ERROR - Error in bottle detection: 'color_detection'
2025-08-24 09:41:23,543 - ERROR - Error in bottle detection: 'color_detection'
2025-08-24 09:41:23,599 - ERROR - Error in bottle detection: 'color_detection'
2025-08-24 09:41:23,655 - ERROR - Error in bottle detection: 'color_detection'
2025-08-24 09:41:23,711 - ERROR - Error in bottle detection: 'color_detection'
2025-08-24 09:41:23,767 - ERROR - Error in bottle detection: 'color_detection'
2025-08-24 09:41:23,823 - ERROR - Error in bottle detection: 'color_detection'
2025-08-24 09:41:23,879 - ERROR - Error in bottle detection: 'color_detection'
2025-08-24 09:41:23,935 - ERROR - Error in bottle detection: 'color_detection'
2025-08-24 09:41:23,995 - ERROR - Error in bottle detection: 'color_detection'
2025-08-24 09:41:24,050 - ERROR - Error in bottle detection: 'color_detection'
2025-08-24 09:41:24,107 - ERROR - Error in bottle detection: 'color_detection'
2025-08-24 09:41:24,164 - ERROR - Error in bottle detection: 'color_detection'
2025-08-24 09:41:24,223 - ERROR - Error in bottle detection: 'color_detection'
2025-08-24 09:41:24,283 - ERROR - Error in bottle detection: 'color_detection'
2025-08-24 09:41:24,340 - ERROR - Error in bottle detection: 'color_detection'
2025-08-24 09:41:24,398 - ERROR - Error in bottle detection: 'color_detection'
2025-08-24 09:41:24,454 - ERROR - Error in bottle detection: 'color_detection'
2025-08-24 09:41:24,513 - ERROR - Error in bottle detection: 'color_detection'
2025-08-24 09:41:24,569 - ERROR - Error in bottle detection: 'color_detection'
2025-08-24 09:41:24,626 - ERROR - Error in bottle detection: 'color_detection'
2025-08-24 09:41:24,682 - ERROR - Error in bottle detection: 'color_detection'
2025-08-24 09:41:24,737 - ERROR - Error in bottle detection: 'color_detection'
2025-08-24 09:41:24,793 - ERROR - Error in bottle detection: 'color_detection'
2025-08-24 09:41:24,849 - ERROR - Error in bottle detection: 'color_detection'
2025-08-24 09:41:24,905 - ERROR - Error in bottle detection: 'color_detection'
2025-08-24 09:41:24,962 - ERROR - Error in bottle detection: 'color_detection'
2025-08-24 09:41:25,022 - ERROR - Error in bottle detection: 'color_detection'
2025-08-24 09:41:25,080 - ERROR - Error in bottle detection: 'color_detection'
2025-08-24 09:41:25,140 - ERROR - Error in bottle detection: 'color_detection'
2025-08-24 09:41:25,144 - INFO - 📊 Status: 0 bottles, 0 detections, 0 reached
2025-08-24 09:41:25,200 - ERROR - Error in bottle detection: 'color_detection'
2025-08-24 09:41:25,257 - ERROR - Error in bottle detection: 'color_detection'
2025-08-24 09:41:25,314 - ERROR - Error in bottle detection: 'color_detection'
2025-08-24 09:41:25,370 - ERROR - Error in bottle detection: 'color_detection'
2025-08-24 09:41:25,426 - ERROR - Error in bottle detection: 'color_detection'
2025-08-24 09:41:25,482 - ERROR - Error in bottle detection: 'color_detection'
2025-08-24 09:41:25,537 - ERROR - Error in bottle detection: 'color_detection'
2025-08-24 09:41:25,595 - ERROR - Error in bottle detection: 'color_detection'
2025-08-24 09:41:25,652 - ERROR - Error in bottle detection: 'color_detection'
2025-08-24 09:41:25,710 - ERROR - Error in bottle detection: 'color_detection'
2025-08-24 09:41:25,767 - ERROR - Error in bottle detection: 'color_detection'
2025-08-24 09:41:25,823 - ERROR - Error in bottle detection: 'color_detection'
2025-08-24 09:41:25,882 - ERROR - Error in bottle detection: 'color_detection'
2025-08-24 09:41:25,939 - ERROR - Error in bottle detection: 'color_detection'
2025-08-24 09:41:25,996 - ERROR - Error in bottle detection: 'color_detection'
2025-08-24 09:41:26,053 - ERROR - Error in bottle detection: 'color_detection'
2025-08-24 09:41:26,109 - ERROR - Error in bottle detection: 'color_detection'
2025-08-24 09:41:26,166 - ERROR - Error in bottle detection: 'color_detection'
2025-08-24 09:41:26,224 - ERROR - Error in bottle detection: 'color_detection'
2025-08-24 09:41:26,281 - ERROR - Error in bottle detection: 'color_detection'
2025-08-24 09:41:26,337 - ERROR - Error in bottle detection: 'color_detection'
2025-08-24 09:41:26,393 - ERROR - Error in bottle detection: 'color_detection'
2025-08-24 09:41:26,448 - ERROR - Error in bottle detection: 'color_detection'
2025-08-24 09:41:26,504 - ERROR - Error in bottle detection: 'color_detection'
2025-08-24 09:41:26,560 - ERROR - Error in bottle detection: 'color_detection'
2025-08-24 09:41:26,616 - ERROR - Error in bottle detection: 'color_detection'
2025-08-24 09:41:26,672 - ERROR - Error in bottle detection: 'color_detection'
2025-08-24 09:41:26,730 - ERROR - Error in bottle detection: 'color_detection'
2025-08-24 09:41:26,789 - ERROR - Error in bottle detection: 'color_detection'
2025-08-24 09:41:26,848 - ERROR - Error in bottle detection: 'color_detection'
2025-08-24 09:41:26,906 - ERROR - Error in bottle detection: 'color_detection'
2025-08-24 09:41:26,963 - ERROR - Error in bottle detection: 'color_detection'
2025-08-24 09:41:27,020 - ERROR - Error in bottle detection: 'color_detection'
2025-08-24 09:41:27,075 - ERROR - Error in bottle detection: 'color_detection'
2025-08-24 09:41:27,131 - ERROR - Error in bottle detection: 'color_detection'
2025-08-24 09:41:27,188 - ERROR - Error in bottle detection: 'color_detection'
2025-08-24 09:41:27,245 - ERROR - Error in bottle detection: 'color_detection'
2025-08-24 09:41:27,302 - ERROR - Error in bottle detection: 'color_detection'
2025-08-24 09:41:27,360 - ERROR - Error in bottle detection: 'color_detection'
2025-08-24 09:41:27,416 - ERROR - Error in bottle detection: 'color_detection'
2025-08-24 09:41:27,472 - ERROR - Error in bottle detection: 'color_detection'
2025-08-24 09:41:27,527 - ERROR - Error in bottle detection: 'color_detection'
2025-08-24 09:41:27,583 - ERROR - Error in bottle detection: 'color_detection'
2025-08-24 09:41:27,638 - ERROR - Error in bottle detection: 'color_detection'
2025-08-24 09:41:27,694 - ERROR - Error in bottle detection: 'color_detection'
2025-08-24 09:41:27,749 - ERROR - Error in bottle detection: 'color_detection'
2025-08-24 09:41:27,805 - ERROR - Error in bottle detection: 'color_detection'
2025-08-24 09:41:27,861 - ERROR - Error in bottle detection: 'color_detection'
2025-08-24 09:41:27,918 - ERROR - Error in bottle detection: 'color_detection'
2025-08-24 09:41:27,976 - ERROR - Error in bottle detection: 'color_detection'
2025-08-24 09:41:28,032 - ERROR - Error in bottle detection: 'color_detection'
2025-08-24 09:41:28,089 - ERROR - Error in bottle detection: 'color_detection'
2025-08-24 09:41:28,145 - ERROR - Error in bottle detection: 'color_detection'
2025-08-24 09:41:28,201 - ERROR - Error in bottle detection: 'color_detection'
2025-08-24 09:41:28,258 - ERROR - Error in bottle detection: 'color_detection'
2025-08-24 09:41:28,319 - ERROR - Error in bottle detection: 'color_detection'
2025-08-24 09:41:28,376 - ERROR - Error in bottle detection: 'color_detection'
2025-08-24 09:41:28,434 - ERROR - Error in bottle detection: 'color_detection'
2025-08-24 09:41:28,491 - ERROR - Error in bottle detection: 'color_detection'
2025-08-24 09:41:28,547 - ERROR - Error in bottle detection: 'color_detection'
2025-08-24 09:41:28,605 - ERROR - Error in bottle detection: 'color_detection'
2025-08-24 09:41:28,661 - ERROR - Error in bottle detection: 'color_detection'
2025-08-24 09:41:28,717 - ERROR - Error in bottle detection: 'color_detection'
2025-08-24 09:41:28,774 - ERROR - Error in bottle detection: 'color_detection'
2025-08-24 09:41:28,830 - ERROR - Error in bottle detection: 'color_detection'
2025-08-24 09:41:28,886 - ERROR - Error in bottle detection: 'color_detection'
2025-08-24 09:41:28,942 - ERROR - Error in bottle detection: 'color_detection'
2025-08-24 09:41:28,997 - ERROR - Error in bottle detection: 'color_detection'
2025-08-24 09:41:29,055 - ERROR - Error in bottle detection: 'color_detection'
2025-08-24 09:41:29,111 - ERROR - Error in bottle detection: 'color_detection'
2025-08-24 09:41:29,168 - ERROR - Error in bottle detection: 'color_detection'
2025-08-24 09:41:29,225 - ERROR - Error in bottle detection: 'color_detection'
2025-08-24 09:41:29,281 - ERROR - Error in bottle detection: 'color_detection'
2025-08-24 09:41:29,337 - ERROR - Error in bottle detection: 'color_detection'
2025-08-24 09:41:29,393 - ERROR - Error in bottle detection: 'color_detection'
2025-08-24 09:41:29,452 - ERROR - Error in bottle detection: 'color_detection'
2025-08-24 09:41:29,508 - ERROR - Error in bottle detection: 'color_detection'
2025-08-24 09:41:29,564 - ERROR - Error in bottle detection: 'color_detection'
2025-08-24 09:41:29,623 - ERROR - Error in bottle detection: 'color_detection'
2025-08-24 09:41:29,681 - ERROR - Error in bottle detection: 'color_detection'
2025-08-24 09:41:29,738 - ERROR - Error in bottle detection: 'color_detection'
2025-08-24 09:41:29,794 - ERROR - Error in bottle detection: 'color_detection'
2025-08-24 09:41:29,850 - ERROR - Error in bottle detection: 'color_detection'
2025-08-24 09:41:29,906 - ERROR - Error in bottle detection: 'color_detection'
2025-08-24 09:41:29,962 - ERROR - Error in bottle detection: 'color_detection'
2025-08-24 09:41:30,017 - ERROR - Error in bottle detection: 'color_detection'
2025-08-24 09:41:30,074 - ERROR - Error in bottle detection: 'color_detection'
2025-08-24 09:41:30,133 - ERROR - Error in bottle detection: 'color_detection'
2025-08-24 09:41:30,193 - ERROR - Error in bottle detection: 'color_detection'
2025-08-24 09:41:30,194 - INFO - 📊 Status: 0 bottles, 0 detections, 0 reached
2025-08-24 09:41:30,249 - ERROR - Error in bottle detection: 'color_detection'
2025-08-24 09:41:30,305 - ERROR - Error in bottle detection: 'color_detection'
2025-08-24 09:41:30,362 - ERROR - Error in bottle detection: 'color_detection'
2025-08-24 09:41:30,419 - ERROR - Error in bottle detection: 'color_detection'
2025-08-24 09:41:30,477 - ERROR - Error in bottle detection: 'color_detection'
2025-08-24 09:41:30,540 - ERROR - Error in bottle detection: 'color_detection'
2025-08-24 09:41:30,598 - ERROR - Error in bottle detection: 'color_detection'
2025-08-24 09:41:30,657 - ERROR - Error in bottle detection: 'color_detection'
2025-08-24 09:41:30,716 - ERROR - Error in bottle detection: 'color_detection'
2025-08-24 09:41:30,773 - ERROR - Error in bottle detection: 'color_detection'
2025-08-24 09:41:30,831 - ERROR - Error in bottle detection: 'color_detection'
2025-08-24 09:41:30,887 - ERROR - Error in bottle detection: 'color_detection'
2025-08-24 09:41:30,946 - ERROR - Error in bottle detection: 'color_detection'
2025-08-24 09:41:31,003 - ERROR - Error in bottle detection: 'color_detection'
2025-08-24 09:41:31,059 - ERROR - Error in bottle detection: 'color_detection'
2025-08-24 09:41:31,115 - ERROR - Error in bottle detection: 'color_detection'
2025-08-24 09:41:31,171 - ERROR - Error in bottle detection: 'color_detection'
2025-08-24 09:41:31,229 - ERROR - Error in bottle detection: 'color_detection'
2025-08-24 09:41:31,285 - ERROR - Error in bottle detection: 'color_detection'
2025-08-24 09:41:31,342 - ERROR - Error in bottle detection: 'color_detection'
2025-08-24 09:41:31,398 - ERROR - Error in bottle detection: 'color_detection'
2025-08-24 09:41:31,454 - ERROR - Error in bottle detection: 'color_detection'
2025-08-24 09:41:31,510 - ERROR - Error in bottle detection: 'color_detection'
2025-08-24 09:41:31,567 - ERROR - Error in bottle detection: 'color_detection'
2025-08-24 09:41:31,623 - ERROR - Error in bottle detection: 'color_detection'
2025-08-24 09:41:31,679 - ERROR - Error in bottle detection: 'color_detection'
2025-08-24 09:41:31,735 - ERROR - Error in bottle detection: 'color_detection'
2025-08-24 09:41:31,791 - ERROR - Error in bottle detection: 'color_detection'
2025-08-24 09:41:31,847 - ERROR - Error in bottle detection: 'color_detection'
2025-08-24 09:41:31,904 - ERROR - Error in bottle detection: 'color_detection'
2025-08-24 09:41:31,960 - ERROR - Error in bottle detection: 'color_detection'
2025-08-24 09:41:32,017 - ERROR - Error in bottle detection: 'color_detection'
2025-08-24 09:41:32,073 - ERROR - Error in bottle detection: 'color_detection'
2025-08-24 09:41:32,129 - ERROR - Error in bottle detection: 'color_detection'
2025-08-24 09:41:32,186 - ERROR - Error in bottle detection: 'color_detection'
2025-08-24 09:41:32,244 - ERROR - Error in bottle detection: 'color_detection'
2025-08-24 09:41:32,302 - ERROR - Error in bottle detection: 'color_detection'
2025-08-24 09:41:32,361 - ERROR - Error in bottle detection: 'color_detection'
2025-08-24 09:41:32,420 - ERROR - Error in bottle detection: 'color_detection'
2025-08-24 09:41:32,478 - ERROR - Error in bottle detection: 'color_detection'
2025-08-24 09:41:32,533 - ERROR - Error in bottle detection: 'color_detection'
2025-08-24 09:41:32,589 - ERROR - Error in bottle detection: 'color_detection'
2025-08-24 09:41:32,645 - ERROR - Error in bottle detection: 'color_detection'
2025-08-24 09:41:32,700 - ERROR - Error in bottle detection: 'color_detection'
2025-08-24 09:41:32,756 - ERROR - Error in bottle detection: 'color_detection'
2025-08-24 09:41:32,811 - ERROR - Error in bottle detection: 'color_detection'
2025-08-24 09:41:32,866 - ERROR - Error in bottle detection: 'color_detection'
2025-08-24 09:41:32,924 - ERROR - Error in bottle detection: 'color_detection'
2025-08-24 09:41:32,980 - ERROR - Error in bottle detection: 'color_detection'
2025-08-24 09:41:33,037 - ERROR - Error in bottle detection: 'color_detection'
2025-08-24 09:41:33,103 - ERROR - Error in bottle detection: 'color_detection'
2025-08-24 09:41:33,161 - ERROR - Error in bottle detection: 'color_detection'
2025-08-24 09:41:33,219 - ERROR - Error in bottle detection: 'color_detection'
2025-08-24 09:41:33,275 - ERROR - Error in bottle detection: 'color_detection'
2025-08-24 09:41:33,333 - ERROR - Error in bottle detection: 'color_detection'
2025-08-24 09:41:33,391 - ERROR - Error in bottle detection: 'color_detection'
2025-08-24 09:41:33,452 - ERROR - Error in bottle detection: 'color_detection'
2025-08-24 09:41:33,511 - ERROR - Error in bottle detection: 'color_detection'
2025-08-24 09:41:33,568 - ERROR - Error in bottle detection: 'color_detection'
2025-08-24 09:41:33,623 - ERROR - Error in bottle detection: 'color_detection'
2025-08-24 09:41:33,679 - ERROR - Error in bottle detection: 'color_detection'
2025-08-24 09:41:33,735 - ERROR - Error in bottle detection: 'color_detection'
2025-08-24 09:41:33,791 - ERROR - Error in bottle detection: 'color_detection'
2025-08-24 09:41:33,847 - ERROR - Error in bottle detection: 'color_detection'
2025-08-24 09:41:33,903 - ERROR - Error in bottle detection: 'color_detection'
2025-08-24 09:41:33,959 - ERROR - Error in bottle detection: 'color_detection'
2025-08-24 09:41:34,015 - ERROR - Error in bottle detection: 'color_detection'
2025-08-24 09:41:34,071 - ERROR - Error in bottle detection: 'color_detection'
2025-08-24 09:41:34,127 - ERROR - Error in bottle detection: 'color_detection'
2025-08-24 09:41:34,183 - ERROR - Error in bottle detection: 'color_detection'
2025-08-24 09:41:34,239 - ERROR - Error in bottle detection: 'color_detection'
2025-08-24 09:41:34,298 - ERROR - Error in bottle detection: 'color_detection'
2025-08-24 09:41:34,358 - ERROR - Error in bottle detection: 'color_detection'
2025-08-24 09:41:34,415 - ERROR - Error in bottle detection: 'color_detection'
2025-08-24 09:41:34,471 - ERROR - Error in bottle detection: 'color_detection'
2025-08-24 09:41:34,527 - ERROR - Error in bottle detection: 'color_detection'
2025-08-24 09:41:34,584 - ERROR - Error in bottle detection: 'color_detection'
2025-08-24 09:41:34,640 - ERROR - Error in bottle detection: 'color_detection'
2025-08-24 09:41:34,697 - ERROR - Error in bottle detection: 'color_detection'
2025-08-24 09:41:34,754 - ERROR - Error in bottle detection: 'color_detection'
2025-08-24 09:41:34,813 - ERROR - Error in bottle detection: 'color_detection'
2025-08-24 09:41:34,874 - ERROR - Error in bottle detection: 'color_detection'
2025-08-24 09:41:34,932 - ERROR - Error in bottle detection: 'color_detection'
2025-08-24 09:41:34,989 - ERROR - Error in bottle detection: 'color_detection'
2025-08-24 09:41:35,046 - ERROR - Error in bottle detection: 'color_detection'
2025-08-24 09:41:35,103 - ERROR - Error in bottle detection: 'color_detection'
2025-08-24 09:41:35,160 - ERROR - Error in bottle detection: 'color_detection'
2025-08-24 09:41:35,216 - ERROR - Error in bottle detection: 'color_detection'
2025-08-24 09:41:35,218 - INFO - 📊 Status: 0 bottles, 0 detections, 0 reached
2025-08-24 09:41:35,273 - ERROR - Error in bottle detection: 'color_detection'
2025-08-24 09:41:35,329 - ERROR - Error in bottle detection: 'color_detection'
2025-08-24 09:41:35,384 - ERROR - Error in bottle detection: 'color_detection'
2025-08-24 09:41:35,440 - ERROR - Error in bottle detection: 'color_detection'
2025-08-24 09:41:35,495 - ERROR - Error in bottle detection: 'color_detection'
2025-08-24 09:41:35,552 - ERROR - Error in bottle detection: 'color_detection'
2025-08-24 09:41:35,607 - ERROR - Error in bottle detection: 'color_detection'
2025-08-24 09:41:35,664 - ERROR - Error in bottle detection: 'color_detection'
2025-08-24 09:41:35,720 - ERROR - Error in bottle detection: 'color_detection'
2025-08-24 09:41:35,777 - ERROR - Error in bottle detection: 'color_detection'
2025-08-24 09:41:35,833 - ERROR - Error in bottle detection: 'color_detection'
2025-08-24 09:41:35,889 - ERROR - Error in bottle detection: 'color_detection'
2025-08-24 09:41:35,945 - ERROR - Error in bottle detection: 'color_detection'
2025-08-24 09:41:36,001 - ERROR - Error in bottle detection: 'color_detection'
2025-08-24 09:41:36,057 - ERROR - Error in bottle detection: 'color_detection'
2025-08-24 09:41:36,115 - ERROR - Error in bottle detection: 'color_detection'
2025-08-24 09:41:36,176 - ERROR - Error in bottle detection: 'color_detection'
2025-08-24 09:41:36,234 - ERROR - Error in bottle detection: 'color_detection'
2025-08-24 09:41:36,291 - ERROR - Error in bottle detection: 'color_detection'
2025-08-24 09:41:36,347 - ERROR - Error in bottle detection: 'color_detection'
2025-08-24 09:41:36,404 - ERROR - Error in bottle detection: 'color_detection'
2025-08-24 09:41:36,460 - ERROR - Error in bottle detection: 'color_detection'
2025-08-24 09:41:36,515 - ERROR - Error in bottle detection: 'color_detection'
2025-08-24 09:41:36,571 - ERROR - Error in bottle detection: 'color_detection'
2025-08-24 09:41:36,626 - ERROR - Error in bottle detection: 'color_detection'
2025-08-24 09:41:36,681 - ERROR - Error in bottle detection: 'color_detection'
2025-08-24 09:41:36,737 - ERROR - Error in bottle detection: 'color_detection'
2025-08-24 09:41:36,794 - ERROR - Error in bottle detection: 'color_detection'
2025-08-24 09:41:36,851 - ERROR - Error in bottle detection: 'color_detection'
2025-08-24 09:41:36,914 - ERROR - Error in bottle detection: 'color_detection'
2025-08-24 09:41:36,971 - ERROR - Error in bottle detection: 'color_detection'
2025-08-24 09:41:37,030 - ERROR - Error in bottle detection: 'color_detection'
2025-08-24 09:41:37,087 - ERROR - Error in bottle detection: 'color_detection'
2025-08-24 09:41:37,143 - ERROR - Error in bottle detection: 'color_detection'
2025-08-24 09:41:37,199 - ERROR - Error in bottle detection: 'color_detection'
2025-08-24 09:41:37,255 - ERROR - Error in bottle detection: 'color_detection'
2025-08-24 09:41:37,313 - ERROR - Error in bottle detection: 'color_detection'
2025-08-24 09:41:37,370 - ERROR - Error in bottle detection: 'color_detection'
2025-08-24 09:41:37,427 - ERROR - Error in bottle detection: 'color_detection'
2025-08-24 09:41:37,483 - ERROR - Error in bottle detection: 'color_detection'
2025-08-24 09:41:37,539 - ERROR - Error in bottle detection: 'color_detection'
2025-08-24 09:41:37,596 - ERROR - Error in bottle detection: 'color_detection'
2025-08-24 09:41:37,651 - ERROR - Error in bottle detection: 'color_detection'
2025-08-24 09:41:37,711 - ERROR - Error in bottle detection: 'color_detection'
2025-08-24 09:41:37,767 - ERROR - Error in bottle detection: 'color_detection'
2025-08-24 09:41:37,824 - ERROR - Error in bottle detection: 'color_detection'
2025-08-24 09:41:37,880 - ERROR - Error in bottle detection: 'color_detection'
2025-08-24 09:41:37,937 - ERROR - Error in bottle detection: 'color_detection'
2025-08-24 09:41:37,993 - ERROR - Error in bottle detection: 'color_detection'
2025-08-24 09:41:38,050 - ERROR - Error in bottle detection: 'color_detection'
2025-08-24 09:41:38,107 - ERROR - Error in bottle detection: 'color_detection'
2025-08-24 09:41:38,163 - ERROR - Error in bottle detection: 'color_detection'
2025-08-24 09:41:38,219 - ERROR - Error in bottle detection: 'color_detection'
2025-08-24 09:41:38,275 - ERROR - Error in bottle detection: 'color_detection'
2025-08-24 09:41:38,331 - ERROR - Error in bottle detection: 'color_detection'
2025-08-24 09:41:38,387 - ERROR - Error in bottle detection: 'color_detection'
2025-08-24 09:41:38,444 - ERROR - Error in bottle detection: 'color_detection'
2025-08-24 09:41:38,501 - ERROR - Error in bottle detection: 'color_detection'
2025-08-24 09:41:38,558 - ERROR - Error in bottle detection: 'color_detection'
2025-08-24 09:41:38,615 - ERROR - Error in bottle detection: 'color_detection'
2025-08-24 09:41:38,672 - ERROR - Error in bottle detection: 'color_detection'
2025-08-24 09:41:38,728 - ERROR - Error in bottle detection: 'color_detection'
2025-08-24 09:41:38,784 - ERROR - Error in bottle detection: 'color_detection'
2025-08-24 09:41:38,840 - ERROR - Error in bottle detection: 'color_detection'
2025-08-24 09:41:38,896 - ERROR - Error in bottle detection: 'color_detection'
2025-08-24 09:41:38,953 - ERROR - Error in bottle detection: 'color_detection'
2025-08-24 09:41:39,010 - ERROR - Error in bottle detection: 'color_detection'
2025-08-24 09:41:39,069 - ERROR - Error in bottle detection: 'color_detection'
2025-08-24 09:41:39,125 - ERROR - Error in bottle detection: 'color_detection'
2025-08-24 09:41:39,182 - ERROR - Error in bottle detection: 'color_detection'
2025-08-24 09:41:39,238 - ERROR - Error in bottle detection: 'color_detection'
2025-08-24 09:41:39,295 - ERROR - Error in bottle detection: 'color_detection'
2025-08-24 09:41:39,350 - ERROR - Error in bottle detection: 'color_detection'
2025-08-24 09:41:39,406 - ERROR - Error in bottle detection: 'color_detection'
2025-08-24 09:41:39,466 - ERROR - Error in bottle detection: 'color_detection'
2025-08-24 09:41:39,524 - ERROR - Error in bottle detection: 'color_detection'
2025-08-24 09:41:39,581 - ERROR - Error in bottle detection: 'color_detection'
2025-08-24 09:41:39,637 - ERROR - Error in bottle detection: 'color_detection'
2025-08-24 09:41:39,694 - ERROR - Error in bottle detection: 'color_detection'
2025-08-24 09:41:39,750 - ERROR - Error in bottle detection: 'color_detection'
2025-08-24 09:41:39,805 - ERROR - Error in bottle detection: 'color_detection'
2025-08-24 09:41:39,861 - ERROR - Error in bottle detection: 'color_detection'
2025-08-24 09:41:39,916 - ERROR - Error in bottle detection: 'color_detection'
2025-08-24 09:41:39,972 - ERROR - Error in bottle detection: 'color_detection'
2025-08-24 09:41:40,028 - ERROR - Error in bottle detection: 'color_detection'
2025-08-24 09:41:40,085 - ERROR - Error in bottle detection: 'color_detection'
2025-08-24 09:41:40,142 - ERROR - Error in bottle detection: 'color_detection'
2025-08-24 09:41:40,201 - ERROR - Error in bottle detection: 'color_detection'
2025-08-24 09:41:40,262 - ERROR - Error in bottle detection: 'color_detection'
2025-08-24 09:41:40,265 - INFO - 📊 Status: 0 bottles, 0 detections, 0 reached
2025-08-24 09:41:40,320 - ERROR - Error in bottle detection: 'color_detection'
2025-08-24 09:41:40,376 - ERROR - Error in bottle detection: 'color_detection'
2025-08-24 09:41:40,432 - ERROR - Error in bottle detection: 'color_detection'
2025-08-24 09:41:40,489 - ERROR - Error in bottle detection: 'color_detection'
2025-08-24 09:41:40,545 - ERROR - Error in bottle detection: 'color_detection'
2025-08-24 09:41:40,601 - ERROR - Error in bottle detection: 'color_detection'
2025-08-24 09:41:40,661 - ERROR - Error in bottle detection: 'color_detection'
2025-08-24 09:41:40,717 - ERROR - Error in bottle detection: 'color_detection'
2025-08-24 09:41:40,774 - ERROR - Error in bottle detection: 'color_detection'
2025-08-24 09:41:40,830 - ERROR - Error in bottle detection: 'color_detection'
2025-08-24 09:41:40,886 - ERROR - Error in bottle detection: 'color_detection'
2025-08-24 09:41:40,942 - ERROR - Error in bottle detection: 'color_detection'
2025-08-24 09:41:40,998 - ERROR - Error in bottle detection: 'color_detection'
2025-08-24 09:41:41,054 - ERROR - Error in bottle detection: 'color_detection'
2025-08-24 09:41:41,110 - ERROR - Error in bottle detection: 'color_detection'
2025-08-24 09:41:41,166 - ERROR - Error in bottle detection: 'color_detection'
2025-08-24 09:41:41,224 - ERROR - Error in bottle detection: 'color_detection'
2025-08-24 09:41:41,281 - ERROR - Error in bottle detection: 'color_detection'
2025-08-24 09:41:41,338 - ERROR - Error in bottle detection: 'color_detection'
2025-08-24 09:41:41,394 - ERROR - Error in bottle detection: 'color_detection'
2025-08-24 09:41:41,451 - ERROR - Error in bottle detection: 'color_detection'
                                                                                                                                                                                                                                                                                                                                                                                                                                                                                                                                                                                                                                                                                                                                                                                                                                                                                                                                                                                                                                                                                                                                                                                                                                                                                                                                                                                                                                                                                                                                                                                                                                                                                                                                                                                                                                                                                                                                                                                                                                                                                                                                                                                                                                                                                                                                                                                                                                                                                                                                                                                                                                                                                                                                                                                                                                                                                                                                                                                                                                           